The system is: Darwin - 22.5.0 - arm64
Compiling the C compiler identification source file "CMakeCCompilerId.c" succeeded.
Compiler: /Library/Developer/CommandLineTools/usr/bin/cc 
Build flags: 
Id flags: -c 

The output was:
0


Compilation of the C compiler identification source "CMakeCCompilerId.c" produced "CMakeCCompilerId.o"

The C compiler identification is AppleClang, found in "/Users/keyneshdongol/Desktop/Polynomial_Operator/cmake-build-debug/CMakeFiles/3.25.2/CompilerIdC/CMakeCCompilerId.o"

Compiling the CXX compiler identification source file "CMakeCXXCompilerId.cpp" succeeded.
Compiler: /opt/homebrew/Cellar/llvm/16.0.6/bin/clang++ 
Build flags: 
Id flags:  

The output was:
0


Compilation of the CXX compiler identification source "CMakeCXXCompilerId.cpp" produced "a.out"

The CXX compiler identification is Clang, found in "/Users/keyneshdongol/Desktop/Polynomial_Operator/cmake-build-debug/CMakeFiles/3.25.2/CompilerIdCXX/a.out"

Detecting C compiler ABI info compiled with the following output:
Change Dir: /Users/keyneshdongol/Desktop/Polynomial_Operator/cmake-build-debug/CMakeFiles/CMakeScratch/TryCompile-9Gb0Ik

Run Build Command(s):/usr/bin/make -f Makefile cmTC_ff209/fast && /Library/Developer/CommandLineTools/usr/bin/make  -f CMakeFiles/cmTC_ff209.dir/build.make CMakeFiles/cmTC_ff209.dir/build
Building C object CMakeFiles/cmTC_ff209.dir/CMakeCCompilerABI.c.o
/Library/Developer/CommandLineTools/usr/bin/cc   -arch arm64 -isysroot /Library/Developer/CommandLineTools/SDKs/MacOSX13.3.sdk -fcolor-diagnostics   -v -Wl,-v -MD -MT CMakeFiles/cmTC_ff209.dir/CMakeCCompilerABI.c.o -MF CMakeFiles/cmTC_ff209.dir/CMakeCCompilerABI.c.o.d -o CMakeFiles/cmTC_ff209.dir/CMakeCCompilerABI.c.o -c /Applications/CLion.app/Contents/bin/cmake/mac/share/cmake-3.25/Modules/CMakeCCompilerABI.c
Apple clang version 14.0.3 (clang-1403.0.22.14.1)
Target: arm64-apple-darwin22.5.0
Thread model: posix
InstalledDir: /Library/Developer/CommandLineTools/usr/bin
clang: [0;1;35mwarning: [0m[1m-Wl,-v: 'linker' input unused [-Wunused-command-line-argument][0m
 "/Library/Developer/CommandLineTools/usr/bin/clang" -cc1 -triple arm64-apple-macosx13.0.0 -Wundef-prefix=TARGET_OS_ -Wdeprecated-objc-isa-usage -Werror=deprecated-objc-isa-usage -Werror=implicit-function-declaration -emit-obj -mrelax-all --mrelax-relocations -disable-free -clear-ast-before-backend -disable-llvm-verifier -discard-value-names -main-file-name CMakeCCompilerABI.c -mrelocation-model pic -pic-level 2 -mframe-pointer=non-leaf -fno-strict-return -ffp-contract=on -fno-rounding-math -funwind-tables=1 -fobjc-msgsend-selector-stubs -target-sdk-version=13.3 -fvisibility-inlines-hidden-static-local-var -target-cpu apple-m1 -target-feature +v8.5a -target-feature +crc -target-feature +lse -target-feature +rdm -target-feature +crypto -target-feature +dotprod -target-feature +fp-armv8 -target-feature +neon -target-feature +fp16fml -target-feature +ras -target-feature +rcpc -target-feature +zcm -target-feature +zcz -target-feature +fullfp16 -target-feature +sm4 -target-feature +sha3 -target-feature +sha2 -target-feature +aes -target-abi darwinpcs -fallow-half-arguments-and-returns -mllvm -treat-scalable-fixed-error-as-warning -debugger-tuning=lldb -target-linker-version 857.1 -v -fcoverage-compilation-dir=/Users/keyneshdongol/Desktop/Polynomial_Operator/cmake-build-debug/CMakeFiles/CMakeScratch/TryCompile-9Gb0Ik -resource-dir /Library/Developer/CommandLineTools/usr/lib/clang/14.0.3 -dependency-file CMakeFiles/cmTC_ff209.dir/CMakeCCompilerABI.c.o.d -skip-unused-modulemap-deps -MT CMakeFiles/cmTC_ff209.dir/CMakeCCompilerABI.c.o -sys-header-deps -isysroot /Library/Developer/CommandLineTools/SDKs/MacOSX13.3.sdk -internal-isystem /Library/Developer/CommandLineTools/SDKs/MacOSX13.3.sdk/usr/local/include -internal-isystem /Library/Developer/CommandLineTools/usr/lib/clang/14.0.3/include -internal-externc-isystem /Library/Developer/CommandLineTools/SDKs/MacOSX13.3.sdk/usr/include -internal-externc-isystem /Library/Developer/CommandLineTools/usr/include -Wno-reorder-init-list -Wno-implicit-int-float-conversion -Wno-c99-designator -Wno-final-dtor-non-final-class -Wno-extra-semi-stmt -Wno-misleading-indentation -Wno-quoted-include-in-framework-header -Wno-implicit-fallthrough -Wno-enum-enum-conversion -Wno-enum-float-conversion -Wno-elaborated-enum-base -Wno-reserved-identifier -Wno-gnu-folding-constant -fdebug-compilation-dir=/Users/keyneshdongol/Desktop/Polynomial_Operator/cmake-build-debug/CMakeFiles/CMakeScratch/TryCompile-9Gb0Ik -ferror-limit 19 -stack-protector 1 -fstack-check -mdarwin-stkchk-strong-link -fblocks -fencode-extended-block-signature -fregister-global-dtors-with-atexit -fgnuc-version=4.2.1 -no-opaque-pointers -fmax-type-align=16 -fcommon -fcolor-diagnostics -clang-vendor-feature=+disableNonDependentMemberExprInCurrentInstantiation -fno-odr-hash-protocols -clang-vendor-feature=+enableAggressiveVLAFolding -clang-vendor-feature=+revert09abecef7bbf -clang-vendor-feature=+thisNoAlignAttr -clang-vendor-feature=+thisNoNullAttr -mllvm -disable-aligned-alloc-awareness=1 -D__GCC_HAVE_DWARF2_CFI_ASM=1 -o CMakeFiles/cmTC_ff209.dir/CMakeCCompilerABI.c.o -x c /Applications/CLion.app/Contents/bin/cmake/mac/share/cmake-3.25/Modules/CMakeCCompilerABI.c
clang -cc1 version 14.0.3 (clang-1403.0.22.14.1) default target arm64-apple-darwin22.5.0
ignoring nonexistent directory "/Library/Developer/CommandLineTools/SDKs/MacOSX13.3.sdk/usr/local/include"
ignoring nonexistent directory "/Library/Developer/CommandLineTools/SDKs/MacOSX13.3.sdk/Library/Frameworks"
#include "..." search starts here:
#include <...> search starts here:
 /Library/Developer/CommandLineTools/usr/lib/clang/14.0.3/include
 /Library/Developer/CommandLineTools/SDKs/MacOSX13.3.sdk/usr/include
 /Library/Developer/CommandLineTools/usr/include
 /Library/Developer/CommandLineTools/SDKs/MacOSX13.3.sdk/System/Library/Frameworks (framework directory)
End of search list.
Linking C executable cmTC_ff209
/Applications/CLion.app/Contents/bin/cmake/mac/bin/cmake -E cmake_link_script CMakeFiles/cmTC_ff209.dir/link.txt --verbose=1
/Library/Developer/CommandLineTools/usr/bin/cc  -arch arm64 -isysroot /Library/Developer/CommandLineTools/SDKs/MacOSX13.3.sdk -Wl,-search_paths_first -Wl,-headerpad_max_install_names  -v -Wl,-v CMakeFiles/cmTC_ff209.dir/CMakeCCompilerABI.c.o -o cmTC_ff209 
Apple clang version 14.0.3 (clang-1403.0.22.14.1)
Target: arm64-apple-darwin22.5.0
Thread model: posix
InstalledDir: /Library/Developer/CommandLineTools/usr/bin
 "/Library/Developer/CommandLineTools/usr/bin/ld" -demangle -lto_library /Library/Developer/CommandLineTools/usr/lib/libLTO.dylib -dynamic -arch arm64 -platform_version macos 13.0.0 13.3 -syslibroot /Library/Developer/CommandLineTools/SDKs/MacOSX13.3.sdk -o cmTC_ff209 -search_paths_first -headerpad_max_install_names -v CMakeFiles/cmTC_ff209.dir/CMakeCCompilerABI.c.o -lSystem /Library/Developer/CommandLineTools/usr/lib/clang/14.0.3/lib/darwin/libclang_rt.osx.a
@(#)PROGRAM:ld  PROJECT:ld64-857.1
BUILD 23:13:29 May  7 2023
configured to support archs: armv6 armv7 armv7s arm64 arm64e arm64_32 i386 x86_64 x86_64h armv6m armv7k armv7m armv7em
Library search paths:
	/Library/Developer/CommandLineTools/SDKs/MacOSX13.3.sdk/usr/lib
Framework search paths:
	/Library/Developer/CommandLineTools/SDKs/MacOSX13.3.sdk/System/Library/Frameworks/



Parsed C implicit include dir info from above output: rv=loading
  found start of include info
  warn: unable to parse implicit include dirs!


Parsed C implicit link information from above output:
  link line regex: [^( *|.*[/\])(ld|CMAKE_LINK_STARTFILE-NOTFOUND|([^/\]+-)?ld|collect2)[^/\]*( |$)]
  ignore line: [Change Dir: /Users/keyneshdongol/Desktop/Polynomial_Operator/cmake-build-debug/CMakeFiles/CMakeScratch/TryCompile-9Gb0Ik]
  ignore line: []
  ignore line: [Run Build Command(s):/usr/bin/make -f Makefile cmTC_ff209/fast && /Library/Developer/CommandLineTools/usr/bin/make  -f CMakeFiles/cmTC_ff209.dir/build.make CMakeFiles/cmTC_ff209.dir/build]
  ignore line: [Building C object CMakeFiles/cmTC_ff209.dir/CMakeCCompilerABI.c.o]
  ignore line: [/Library/Developer/CommandLineTools/usr/bin/cc   -arch arm64 -isysroot /Library/Developer/CommandLineTools/SDKs/MacOSX13.3.sdk -fcolor-diagnostics   -v -Wl -v -MD -MT CMakeFiles/cmTC_ff209.dir/CMakeCCompilerABI.c.o -MF CMakeFiles/cmTC_ff209.dir/CMakeCCompilerABI.c.o.d -o CMakeFiles/cmTC_ff209.dir/CMakeCCompilerABI.c.o -c /Applications/CLion.app/Contents/bin/cmake/mac/share/cmake-3.25/Modules/CMakeCCompilerABI.c]
  ignore line: [Apple clang version 14.0.3 (clang-1403.0.22.14.1)]
  ignore line: [Target: arm64-apple-darwin22.5.0]
  ignore line: [Thread model: posix]
  ignore line: [InstalledDir: /Library/Developer/CommandLineTools/usr/bin]
  ignore line: [clang: [0;1;35mwarning: [0m[1m-Wl,-v: 'linker' input unused [-Wunused-command-line-argument][0m; "/Library/Developer/CommandLineTools/usr/bin/clang" -cc1 -triple arm64-apple-macosx13.0.0 -Wundef-prefix=TARGET_OS_ -Wdeprecated-objc-isa-usage -Werror=deprecated-objc-isa-usage -Werror=implicit-function-declaration -emit-obj -mrelax-all --mrelax-relocations -disable-free -clear-ast-before-backend -disable-llvm-verifier -discard-value-names -main-file-name CMakeCCompilerABI.c -mrelocation-model pic -pic-level 2 -mframe-pointer=non-leaf -fno-strict-return -ffp-contract=on -fno-rounding-math -funwind-tables=1 -fobjc-msgsend-selector-stubs -target-sdk-version=13.3 -fvisibility-inlines-hidden-static-local-var -target-cpu apple-m1 -target-feature +v8.5a -target-feature +crc -target-feature +lse -target-feature +rdm -target-feature +crypto -target-feature +dotprod -target-feature +fp-armv8 -target-feature +neon -target-feature +fp16fml -target-feature +ras -target-feature +rcpc -target-feature +zcm -target-feature +zcz -target-feature +fullfp16 -target-feature +sm4 -target-feature +sha3 -target-feature +sha2 -target-feature +aes -target-abi darwinpcs -fallow-half-arguments-and-returns -mllvm -treat-scalable-fixed-error-as-warning -debugger-tuning=lldb -target-linker-version 857.1 -v -fcoverage-compilation-dir=/Users/keyneshdongol/Desktop/Polynomial_Operator/cmake-build-debug/CMakeFiles/CMakeScratch/TryCompile-9Gb0Ik -resource-dir /Library/Developer/CommandLineTools/usr/lib/clang/14.0.3 -dependency-file CMakeFiles/cmTC_ff209.dir/CMakeCCompilerABI.c.o.d -skip-unused-modulemap-deps -MT CMakeFiles/cmTC_ff209.dir/CMakeCCompilerABI.c.o -sys-header-deps -isysroot /Library/Developer/CommandLineTools/SDKs/MacOSX13.3.sdk -internal-isystem /Library/Developer/CommandLineTools/SDKs/MacOSX13.3.sdk/usr/local/include -internal-isystem /Library/Developer/CommandLineTools/usr/lib/clang/14.0.3/include -internal-externc-isystem /Library/Developer/CommandLineTools/SDKs/MacOSX13.3.sdk/usr/include -internal-externc-isystem /Library/Developer/CommandLineTools/usr/include -Wno-reorder-init-list -Wno-implicit-int-float-conversion -Wno-c99-designator -Wno-final-dtor-non-final-class -Wno-extra-semi-stmt -Wno-misleading-indentation -Wno-quoted-include-in-framework-header -Wno-implicit-fallthrough -Wno-enum-enum-conversion -Wno-enum-float-conversion -Wno-elaborated-enum-base -Wno-reserved-identifier -Wno-gnu-folding-constant -fdebug-compilation-dir=/Users/keyneshdongol/Desktop/Polynomial_Operator/cmake-build-debug/CMakeFiles/CMakeScratch/TryCompile-9Gb0Ik -ferror-limit 19 -stack-protector 1 -fstack-check -mdarwin-stkchk-strong-link -fblocks -fencode-extended-block-signature -fregister-global-dtors-with-atexit -fgnuc-version=4.2.1 -no-opaque-pointers -fmax-type-align=16 -fcommon -fcolor-diagnostics -clang-vendor-feature=+disableNonDependentMemberExprInCurrentInstantiation -fno-odr-hash-protocols -clang-vendor-feature=+enableAggressiveVLAFolding -clang-vendor-feature=+revert09abecef7bbf -clang-vendor-feature=+thisNoAlignAttr -clang-vendor-feature=+thisNoNullAttr -mllvm -disable-aligned-alloc-awareness=1 -D__GCC_HAVE_DWARF2_CFI_ASM=1 -o CMakeFiles/cmTC_ff209.dir/CMakeCCompilerABI.c.o -x c /Applications/CLion.app/Contents/bin/cmake/mac/share/cmake-3.25/Modules/CMakeCCompilerABI.c;clang -cc1 version 14.0.3 (clang-1403.0.22.14.1) default target arm64-apple-darwin22.5.0;ignoring nonexistent directory "/Library/Developer/CommandLineTools/SDKs/MacOSX13.3.sdk/usr/local/include";ignoring nonexistent directory "/Library/Developer/CommandLineTools/SDKs/MacOSX13.3.sdk/Library/Frameworks";#include "..." search starts here:;#include <...> search starts here:; /Library/Developer/CommandLineTools/usr/lib/clang/14.0.3/include; /Library/Developer/CommandLineTools/SDKs/MacOSX13.3.sdk/usr/include; /Library/Developer/CommandLineTools/usr/include; /Library/Developer/CommandLineTools/SDKs/MacOSX13.3.sdk/System/Library/Frameworks (framework directory);End of search list.;Linking C executable cmTC_ff209;/Applications/CLion.app/Contents/bin/cmake/mac/bin/cmake -E cmake_link_script CMakeFiles/cmTC_ff209.dir/link.txt --verbose=1;/Library/Developer/CommandLineTools/usr/bin/cc  -arch arm64 -isysroot /Library/Developer/CommandLineTools/SDKs/MacOSX13.3.sdk -Wl,-search_paths_first -Wl,-headerpad_max_install_names  -v -Wl,-v CMakeFiles/cmTC_ff209.dir/CMakeCCompilerABI.c.o -o cmTC_ff209 ;Apple clang version 14.0.3 (clang-1403.0.22.14.1);Target: arm64-apple-darwin22.5.0;Thread model: posix;InstalledDir: /Library/Developer/CommandLineTools/usr/bin; "/Library/Developer/CommandLineTools/usr/bin/ld" -demangle -lto_library /Library/Developer/CommandLineTools/usr/lib/libLTO.dylib -dynamic -arch arm64 -platform_version macos 13.0.0 13.3 -syslibroot /Library/Developer/CommandLineTools/SDKs/MacOSX13.3.sdk -o cmTC_ff209 -search_paths_first -headerpad_max_install_names -v CMakeFiles/cmTC_ff209.dir/CMakeCCompilerABI.c.o -lSystem /Library/Developer/CommandLineTools/usr/lib/clang/14.0.3/lib/darwin/libclang_rt.osx.a;@(#)PROGRAM:ld  PROJECT:ld64-857.1;BUILD 23:13:29 May  7 2023;configured to support archs: armv6 armv7 armv7s arm64 arm64e arm64_32 i386 x86_64 x86_64h armv6m armv7k armv7m armv7em;Library search paths:;	/Library/Developer/CommandLineTools/SDKs/MacOSX13.3.sdk/usr/lib;Framework search paths:;	/Library/Developer/CommandLineTools/SDKs/MacOSX13.3.sdk/System/Library/Frameworks/;;]
  Library search paths: [;/Library/Developer/CommandLineTools/SDKs/MacOSX13.3.sdk/usr/lib]
  Framework search paths: [;/Library/Developer/CommandLineTools/SDKs/MacOSX13.3.sdk/System/Library/Frameworks/]
  collapse library dir [/Library/Developer/CommandLineTools/SDKs/MacOSX13.3.sdk/usr/lib] ==> [/Library/Developer/CommandLineTools/SDKs/MacOSX13.3.sdk/usr/lib]
  collapse framework dir [/Library/Developer/CommandLineTools/SDKs/MacOSX13.3.sdk/System/Library/Frameworks/] ==> [/Library/Developer/CommandLineTools/SDKs/MacOSX13.3.sdk/System/Library/Frameworks]
  implicit libs: []
  implicit objs: []
  implicit dirs: [/Library/Developer/CommandLineTools/SDKs/MacOSX13.3.sdk/usr/lib]
  implicit fwks: [/Library/Developer/CommandLineTools/SDKs/MacOSX13.3.sdk/System/Library/Frameworks]


Detecting CXX compiler ABI info compiled with the following output:
Change Dir: /Users/keyneshdongol/Desktop/Polynomial_Operator/cmake-build-debug/CMakeFiles/CMakeScratch/TryCompile-Avh5dO

Run Build Command(s):/usr/bin/make -f Makefile cmTC_110b0/fast && /Library/Developer/CommandLineTools/usr/bin/make  -f CMakeFiles/cmTC_110b0.dir/build.make CMakeFiles/cmTC_110b0.dir/build
Building CXX object CMakeFiles/cmTC_110b0.dir/CMakeCXXCompilerABI.cpp.o
/opt/homebrew/Cellar/llvm/16.0.6/bin/clang++   -arch arm64 -isysroot /Library/Developer/CommandLineTools/SDKs/MacOSX13.3.sdk -fcolor-diagnostics   -v -Wl,-v -MD -MT CMakeFiles/cmTC_110b0.dir/CMakeCXXCompilerABI.cpp.o -MF CMakeFiles/cmTC_110b0.dir/CMakeCXXCompilerABI.cpp.o.d -o CMakeFiles/cmTC_110b0.dir/CMakeCXXCompilerABI.cpp.o -c /Applications/CLion.app/Contents/bin/cmake/mac/share/cmake-3.25/Modules/CMakeCXXCompilerABI.cpp
Homebrew clang version 16.0.6
Target: arm64-apple-darwin22.5.0
Thread model: posix
InstalledDir: /opt/homebrew/Cellar/llvm/16.0.6/bin
clang-16: [0;1;35mwarning: [0m[1m-Wl,-v: 'linker' input unused [-Wunused-command-line-argument][0m
 (in-process)
 "/opt/homebrew/Cellar/llvm/16.0.6/bin/clang-16" -cc1 -triple arm64-apple-macosx13.0.0 -Wundef-prefix=TARGET_OS_ -Werror=undef-prefix -Wdeprecated-objc-isa-usage -Werror=deprecated-objc-isa-usage -emit-obj -mrelax-all -disable-free -clear-ast-before-backend -disable-llvm-verifier -discard-value-names -main-file-name CMakeCXXCompilerABI.cpp -mrelocation-model pic -pic-level 2 -mframe-pointer=non-leaf -ffp-contract=on -fno-rounding-math -funwind-tables=1 -target-sdk-version=13.3 -fcompatibility-qualified-id-block-type-checking -fvisibility-inlines-hidden-static-local-var -target-cpu apple-m1 -target-feature +v8.5a -target-feature +crc -target-feature +crypto -target-feature +dotprod -target-feature +fp-armv8 -target-feature +fp16fml -target-feature +lse -target-feature +ras -target-feature +rcpc -target-feature +rdm -target-feature +neon -target-feature +zcm -target-feature +zcz -target-feature +fullfp16 -target-feature +sm4 -target-feature +sha3 -target-feature +sha2 -target-feature +aes -target-abi darwinpcs -mllvm -treat-scalable-fixed-error-as-warning -debugger-tuning=lldb -target-linker-version 857.1 -v -fcoverage-compilation-dir=/Users/keyneshdongol/Desktop/Polynomial_Operator/cmake-build-debug/CMakeFiles/CMakeScratch/TryCompile-Avh5dO -resource-dir /opt/homebrew/Cellar/llvm/16.0.6/lib/clang/16 -dependency-file CMakeFiles/cmTC_110b0.dir/CMakeCXXCompilerABI.cpp.o.d -MT CMakeFiles/cmTC_110b0.dir/CMakeCXXCompilerABI.cpp.o -sys-header-deps -isysroot /Library/Developer/CommandLineTools/SDKs/MacOSX13.3.sdk -internal-isystem /opt/homebrew/Cellar/llvm/16.0.6/bin/../include/c++/v1 -internal-isystem /Library/Developer/CommandLineTools/SDKs/MacOSX13.3.sdk/usr/local/include -internal-isystem /opt/homebrew/Cellar/llvm/16.0.6/lib/clang/16/include -internal-externc-isystem /Library/Developer/CommandLineTools/SDKs/MacOSX13.3.sdk/usr/include -fdeprecated-macro -fdebug-compilation-dir=/Users/keyneshdongol/Desktop/Polynomial_Operator/cmake-build-debug/CMakeFiles/CMakeScratch/TryCompile-Avh5dO -ferror-limit 19 -stack-protector 1 -fblocks -fencode-extended-block-signature -fregister-global-dtors-with-atexit -fgnuc-version=4.2.1 -fcxx-exceptions -fexceptions -fmax-type-align=16 -fcolor-diagnostics -D__GCC_HAVE_DWARF2_CFI_ASM=1 -o CMakeFiles/cmTC_110b0.dir/CMakeCXXCompilerABI.cpp.o -x c++ /Applications/CLion.app/Contents/bin/cmake/mac/share/cmake-3.25/Modules/CMakeCXXCompilerABI.cpp
clang -cc1 version 16.0.6 based upon LLVM 16.0.6 default target arm64-apple-darwin22.5.0
ignoring nonexistent directory "/Library/Developer/CommandLineTools/SDKs/MacOSX13.3.sdk/usr/local/include"
ignoring nonexistent directory "/Library/Developer/CommandLineTools/SDKs/MacOSX13.3.sdk/Library/Frameworks"
#include "..." search starts here:
#include <...> search starts here:
 /opt/homebrew/Cellar/llvm/16.0.6/bin/../include/c++/v1
 /opt/homebrew/Cellar/llvm/16.0.6/lib/clang/16/include
 /Library/Developer/CommandLineTools/SDKs/MacOSX13.3.sdk/usr/include
 /Library/Developer/CommandLineTools/SDKs/MacOSX13.3.sdk/System/Library/Frameworks (framework directory)
End of search list.
Linking CXX executable cmTC_110b0
/Applications/CLion.app/Contents/bin/cmake/mac/bin/cmake -E cmake_link_script CMakeFiles/cmTC_110b0.dir/link.txt --verbose=1
/opt/homebrew/Cellar/llvm/16.0.6/bin/clang++  -arch arm64 -isysroot /Library/Developer/CommandLineTools/SDKs/MacOSX13.3.sdk -Wl,-search_paths_first -Wl,-headerpad_max_install_names  -v -Wl,-v CMakeFiles/cmTC_110b0.dir/CMakeCXXCompilerABI.cpp.o -o cmTC_110b0 
Homebrew clang version 16.0.6
Target: arm64-apple-darwin22.5.0
Thread model: posix
InstalledDir: /opt/homebrew/Cellar/llvm/16.0.6/bin
 "/usr/bin/ld" -demangle -lto_library /opt/homebrew/Cellar/llvm/16.0.6/lib/libLTO.dylib -dynamic -arch arm64 -platform_version macos 13.0.0 13.3 -syslibroot /Library/Developer/CommandLineTools/SDKs/MacOSX13.sdk -o cmTC_110b0 -search_paths_first -headerpad_max_install_names -v CMakeFiles/cmTC_110b0.dir/CMakeCXXCompilerABI.cpp.o -lc++ -lSystem /opt/homebrew/Cellar/llvm/16.0.6/lib/clang/16/lib/darwin/libclang_rt.osx.a
@(#)PROGRAM:ld  PROJECT:ld64-857.1
BUILD 23:13:29 May  7 2023
configured to support archs: armv6 armv7 armv7s arm64 arm64e arm64_32 i386 x86_64 x86_64h armv6m armv7k armv7m armv7em
Library search paths:
	/Library/Developer/CommandLineTools/SDKs/MacOSX13.sdk/usr/lib
Framework search paths:
	/Library/Developer/CommandLineTools/SDKs/MacOSX13.sdk/System/Library/Frameworks/



Parsed CXX implicit include dir info from above output: rv=loading
  found start of include info
  warn: unable to parse implicit include dirs!


Parsed CXX implicit link information from above output:
  link line regex: [^( *|.*[/\])(ld|CMAKE_LINK_STARTFILE-NOTFOUND|([^/\]+-)?ld|collect2)[^/\]*( |$)]
  ignore line: [Change Dir: /Users/keyneshdongol/Desktop/Polynomial_Operator/cmake-build-debug/CMakeFiles/CMakeScratch/TryCompile-Avh5dO]
  ignore line: []
  ignore line: [Run Build Command(s):/usr/bin/make -f Makefile cmTC_110b0/fast && /Library/Developer/CommandLineTools/usr/bin/make  -f CMakeFiles/cmTC_110b0.dir/build.make CMakeFiles/cmTC_110b0.dir/build]
  ignore line: [Building CXX object CMakeFiles/cmTC_110b0.dir/CMakeCXXCompilerABI.cpp.o]
  ignore line: [/opt/homebrew/Cellar/llvm/16.0.6/bin/clang++   -arch arm64 -isysroot /Library/Developer/CommandLineTools/SDKs/MacOSX13.3.sdk -fcolor-diagnostics   -v -Wl -v -MD -MT CMakeFiles/cmTC_110b0.dir/CMakeCXXCompilerABI.cpp.o -MF CMakeFiles/cmTC_110b0.dir/CMakeCXXCompilerABI.cpp.o.d -o CMakeFiles/cmTC_110b0.dir/CMakeCXXCompilerABI.cpp.o -c /Applications/CLion.app/Contents/bin/cmake/mac/share/cmake-3.25/Modules/CMakeCXXCompilerABI.cpp]
  ignore line: [Homebrew clang version 16.0.6]
  ignore line: [Target: arm64-apple-darwin22.5.0]
  ignore line: [Thread model: posix]
  ignore line: [InstalledDir: /opt/homebrew/Cellar/llvm/16.0.6/bin]
  ignore line: [clang-16: [0;1;35mwarning: [0m[1m-Wl,-v: 'linker' input unused [-Wunused-command-line-argument][0m; (in-process); "/opt/homebrew/Cellar/llvm/16.0.6/bin/clang-16" -cc1 -triple arm64-apple-macosx13.0.0 -Wundef-prefix=TARGET_OS_ -Werror=undef-prefix -Wdeprecated-objc-isa-usage -Werror=deprecated-objc-isa-usage -emit-obj -mrelax-all -disable-free -clear-ast-before-backend -disable-llvm-verifier -discard-value-names -main-file-name CMakeCXXCompilerABI.cpp -mrelocation-model pic -pic-level 2 -mframe-pointer=non-leaf -ffp-contract=on -fno-rounding-math -funwind-tables=1 -target-sdk-version=13.3 -fcompatibility-qualified-id-block-type-checking -fvisibility-inlines-hidden-static-local-var -target-cpu apple-m1 -target-feature +v8.5a -target-feature +crc -target-feature +crypto -target-feature +dotprod -target-feature +fp-armv8 -target-feature +fp16fml -target-feature +lse -target-feature +ras -target-feature +rcpc -target-feature +rdm -target-feature +neon -target-feature +zcm -target-feature +zcz -target-feature +fullfp16 -target-feature +sm4 -target-feature +sha3 -target-feature +sha2 -target-feature +aes -target-abi darwinpcs -mllvm -treat-scalable-fixed-error-as-warning -debugger-tuning=lldb -target-linker-version 857.1 -v -fcoverage-compilation-dir=/Users/keyneshdongol/Desktop/Polynomial_Operator/cmake-build-debug/CMakeFiles/CMakeScratch/TryCompile-Avh5dO -resource-dir /opt/homebrew/Cellar/llvm/16.0.6/lib/clang/16 -dependency-file CMakeFiles/cmTC_110b0.dir/CMakeCXXCompilerABI.cpp.o.d -MT CMakeFiles/cmTC_110b0.dir/CMakeCXXCompilerABI.cpp.o -sys-header-deps -isysroot /Library/Developer/CommandLineTools/SDKs/MacOSX13.3.sdk -internal-isystem /opt/homebrew/Cellar/llvm/16.0.6/bin/../include/c++/v1 -internal-isystem /Library/Developer/CommandLineTools/SDKs/MacOSX13.3.sdk/usr/local/include -internal-isystem /opt/homebrew/Cellar/llvm/16.0.6/lib/clang/16/include -internal-externc-isystem /Library/Developer/CommandLineTools/SDKs/MacOSX13.3.sdk/usr/include -fdeprecated-macro -fdebug-compilation-dir=/Users/keyneshdongol/Desktop/Polynomial_Operator/cmake-build-debug/CMakeFiles/CMakeScratch/TryCompile-Avh5dO -ferror-limit 19 -stack-protector 1 -fblocks -fencode-extended-block-signature -fregister-global-dtors-with-atexit -fgnuc-version=4.2.1 -fcxx-exceptions -fexceptions -fmax-type-align=16 -fcolor-diagnostics -D__GCC_HAVE_DWARF2_CFI_ASM=1 -o CMakeFiles/cmTC_110b0.dir/CMakeCXXCompilerABI.cpp.o -x c++ /Applications/CLion.app/Contents/bin/cmake/mac/share/cmake-3.25/Modules/CMakeCXXCompilerABI.cpp;clang -cc1 version 16.0.6 based upon LLVM 16.0.6 default target arm64-apple-darwin22.5.0;ignoring nonexistent directory "/Library/Developer/CommandLineTools/SDKs/MacOSX13.3.sdk/usr/local/include";ignoring nonexistent directory "/Library/Developer/CommandLineTools/SDKs/MacOSX13.3.sdk/Library/Frameworks";#include "..." search starts here:;#include <...> search starts here:; /opt/homebrew/Cellar/llvm/16.0.6/bin/../include/c++/v1; /opt/homebrew/Cellar/llvm/16.0.6/lib/clang/16/include; /Library/Developer/CommandLineTools/SDKs/MacOSX13.3.sdk/usr/include; /Library/Developer/CommandLineTools/SDKs/MacOSX13.3.sdk/System/Library/Frameworks (framework directory);End of search list.;Linking CXX executable cmTC_110b0;/Applications/CLion.app/Contents/bin/cmake/mac/bin/cmake -E cmake_link_script CMakeFiles/cmTC_110b0.dir/link.txt --verbose=1;/opt/homebrew/Cellar/llvm/16.0.6/bin/clang++  -arch arm64 -isysroot /Library/Developer/CommandLineTools/SDKs/MacOSX13.3.sdk -Wl,-search_paths_first -Wl,-headerpad_max_install_names  -v -Wl,-v CMakeFiles/cmTC_110b0.dir/CMakeCXXCompilerABI.cpp.o -o cmTC_110b0 ;Homebrew clang version 16.0.6;Target: arm64-apple-darwin22.5.0;Thread model: posix;InstalledDir: /opt/homebrew/Cellar/llvm/16.0.6/bin; "/usr/bin/ld" -demangle -lto_library /opt/homebrew/Cellar/llvm/16.0.6/lib/libLTO.dylib -dynamic -arch arm64 -platform_version macos 13.0.0 13.3 -syslibroot /Library/Developer/CommandLineTools/SDKs/MacOSX13.sdk -o cmTC_110b0 -search_paths_first -headerpad_max_install_names -v CMakeFiles/cmTC_110b0.dir/CMakeCXXCompilerABI.cpp.o -lc++ -lSystem /opt/homebrew/Cellar/llvm/16.0.6/lib/clang/16/lib/darwin/libclang_rt.osx.a;@(#)PROGRAM:ld  PROJECT:ld64-857.1;BUILD 23:13:29 May  7 2023;configured to support archs: armv6 armv7 armv7s arm64 arm64e arm64_32 i386 x86_64 x86_64h armv6m armv7k armv7m armv7em;Library search paths:;	/Library/Developer/CommandLineTools/SDKs/MacOSX13.sdk/usr/lib;Framework search paths:;	/Library/Developer/CommandLineTools/SDKs/MacOSX13.sdk/System/Library/Frameworks/;;]
  Library search paths: [;/Library/Developer/CommandLineTools/SDKs/MacOSX13.sdk/usr/lib]
  Framework search paths: [;/Library/Developer/CommandLineTools/SDKs/MacOSX13.sdk/System/Library/Frameworks/]
  collapse library dir [/Library/Developer/CommandLineTools/SDKs/MacOSX13.sdk/usr/lib] ==> [/Library/Developer/CommandLineTools/SDKs/MacOSX13.sdk/usr/lib]
  collapse framework dir [/Library/Developer/CommandLineTools/SDKs/MacOSX13.sdk/System/Library/Frameworks/] ==> [/Library/Developer/CommandLineTools/SDKs/MacOSX13.sdk/System/Library/Frameworks]
  implicit libs: []
  implicit objs: []
  implicit dirs: [/Library/Developer/CommandLineTools/SDKs/MacOSX13.sdk/usr/lib]
  implicit fwks: [/Library/Developer/CommandLineTools/SDKs/MacOSX13.sdk/System/Library/Frameworks]


Performing C SOURCE FILE Test CMAKE_HAVE_LIBC_PTHREAD succeeded with the following output:
Change Dir: /Users/keyneshdongol/Desktop/Polynomial_Operator/cmake-build-debug/CMakeFiles/CMakeScratch/TryCompile-5fT5V7

Run Build Command(s):/usr/bin/make -f Makefile cmTC_e3397/fast && /Library/Developer/CommandLineTools/usr/bin/make  -f CMakeFiles/cmTC_e3397.dir/build.make CMakeFiles/cmTC_e3397.dir/build
Building C object CMakeFiles/cmTC_e3397.dir/src.c.o
/Library/Developer/CommandLineTools/usr/bin/cc -DCMAKE_HAVE_LIBC_PTHREAD  -arch arm64 -isysroot /Library/Developer/CommandLineTools/SDKs/MacOSX13.3.sdk -fcolor-diagnostics -MD -MT CMakeFiles/cmTC_e3397.dir/src.c.o -MF CMakeFiles/cmTC_e3397.dir/src.c.o.d -o CMakeFiles/cmTC_e3397.dir/src.c.o -c /Users/keyneshdongol/Desktop/Polynomial_Operator/cmake-build-debug/CMakeFiles/CMakeScratch/TryCompile-5fT5V7/src.c
Linking C executable cmTC_e3397
/Applications/CLion.app/Contents/bin/cmake/mac/bin/cmake -E cmake_link_script CMakeFiles/cmTC_e3397.dir/link.txt --verbose=1
/Library/Developer/CommandLineTools/usr/bin/cc  -arch arm64 -isysroot /Library/Developer/CommandLineTools/SDKs/MacOSX13.3.sdk -Wl,-search_paths_first -Wl,-headerpad_max_install_names CMakeFiles/cmTC_e3397.dir/src.c.o -o cmTC_e3397 


Source file was:
#include <pthread.h>

static void* test_func(void* data)
{
  return data;
}

int main(void)
{
  pthread_t thread;
  pthread_create(&thread, NULL, test_func, NULL);
  pthread_detach(thread);
  pthread_cancel(thread);
  pthread_join(thread, NULL);
  pthread_atfork(NULL, NULL, NULL);
  pthread_exit(NULL);

  return 0;
}


Determining if the function dgemm_ exists passed with the following output:
Change Dir: /Users/keyneshdongol/Desktop/Polynomial_Operator/cmake-build-debug/CMakeFiles/CMakeScratch/TryCompile-pF8DhD

Run Build Command(s):/usr/bin/make -f Makefile cmTC_f8103/fast && /Library/Developer/CommandLineTools/usr/bin/make  -f CMakeFiles/cmTC_f8103.dir/build.make CMakeFiles/cmTC_f8103.dir/build
Building C object CMakeFiles/cmTC_f8103.dir/CheckFunctionExists.c.o
/Library/Developer/CommandLineTools/usr/bin/cc   -DCHECK_FUNCTION_EXISTS=dgemm_ -arch arm64 -isysroot /Library/Developer/CommandLineTools/SDKs/MacOSX13.3.sdk -fcolor-diagnostics -MD -MT CMakeFiles/cmTC_f8103.dir/CheckFunctionExists.c.o -MF CMakeFiles/cmTC_f8103.dir/CheckFunctionExists.c.o.d -o CMakeFiles/cmTC_f8103.dir/CheckFunctionExists.c.o -c /Users/keyneshdongol/Desktop/Polynomial_Operator/cmake-build-debug/CMakeFiles/CMakeScratch/TryCompile-pF8DhD/CheckFunctionExists.c
Linking C executable cmTC_f8103
/Applications/CLion.app/Contents/bin/cmake/mac/bin/cmake -E cmake_link_script CMakeFiles/cmTC_f8103.dir/link.txt --verbose=1
/Library/Developer/CommandLineTools/usr/bin/cc  -DCHECK_FUNCTION_EXISTS=dgemm_ -arch arm64 -isysroot /Library/Developer/CommandLineTools/SDKs/MacOSX13.3.sdk -Wl,-search_paths_first -Wl,-headerpad_max_install_names CMakeFiles/cmTC_f8103.dir/CheckFunctionExists.c.o -o cmTC_f8103  -Xlinker -framework -Xlinker Accelerate 



Determining if the function cheev_ exists passed with the following output:
Change Dir: /Users/keyneshdongol/Desktop/Polynomial_Operator/cmake-build-debug/CMakeFiles/CMakeScratch/TryCompile-GZ1T2G

Run Build Command(s):/usr/bin/make -f Makefile cmTC_13f4f/fast && /Library/Developer/CommandLineTools/usr/bin/make  -f CMakeFiles/cmTC_13f4f.dir/build.make CMakeFiles/cmTC_13f4f.dir/build
Building C object CMakeFiles/cmTC_13f4f.dir/CheckFunctionExists.c.o
/Library/Developer/CommandLineTools/usr/bin/cc   -DCHECK_FUNCTION_EXISTS=cheev_ -arch arm64 -isysroot /Library/Developer/CommandLineTools/SDKs/MacOSX13.3.sdk -fcolor-diagnostics -MD -MT CMakeFiles/cmTC_13f4f.dir/CheckFunctionExists.c.o -MF CMakeFiles/cmTC_13f4f.dir/CheckFunctionExists.c.o.d -o CMakeFiles/cmTC_13f4f.dir/CheckFunctionExists.c.o -c /Users/keyneshdongol/Desktop/Polynomial_Operator/cmake-build-debug/CMakeFiles/CMakeScratch/TryCompile-GZ1T2G/CheckFunctionExists.c
Linking C executable cmTC_13f4f
/Applications/CLion.app/Contents/bin/cmake/mac/bin/cmake -E cmake_link_script CMakeFiles/cmTC_13f4f.dir/link.txt --verbose=1
/Library/Developer/CommandLineTools/usr/bin/cc  -DCHECK_FUNCTION_EXISTS=cheev_ -arch arm64 -isysroot /Library/Developer/CommandLineTools/SDKs/MacOSX13.3.sdk -Wl,-search_paths_first -Wl,-headerpad_max_install_names CMakeFiles/cmTC_13f4f.dir/CheckFunctionExists.c.o -o cmTC_13f4f  -Xlinker -framework -Xlinker Accelerate -lm -ldl 



Performing C++ SOURCE FILE Test COMPILER_HAS_HIDDEN_VISIBILITY succeeded with the following output:
Change Dir: /Users/keyneshdongol/Desktop/Polynomial_Operator/cmake-build-debug/CMakeFiles/CMakeScratch/TryCompile-AWCcXb

Run Build Command(s):/usr/bin/make -f Makefile cmTC_5ab99/fast && /Library/Developer/CommandLineTools/usr/bin/make  -f CMakeFiles/cmTC_5ab99.dir/build.make CMakeFiles/cmTC_5ab99.dir/build
Building CXX object CMakeFiles/cmTC_5ab99.dir/src.cxx.o
/opt/homebrew/Cellar/llvm/16.0.6/bin/clang++ -DCOMPILER_HAS_HIDDEN_VISIBILITY  -arch arm64 -isysroot /Library/Developer/CommandLineTools/SDKs/MacOSX13.3.sdk -fcolor-diagnostics   -fvisibility=hidden -MD -MT CMakeFiles/cmTC_5ab99.dir/src.cxx.o -MF CMakeFiles/cmTC_5ab99.dir/src.cxx.o.d -o CMakeFiles/cmTC_5ab99.dir/src.cxx.o -c /Users/keyneshdongol/Desktop/Polynomial_Operator/cmake-build-debug/CMakeFiles/CMakeScratch/TryCompile-AWCcXb/src.cxx
Linking CXX executable cmTC_5ab99
/Applications/CLion.app/Contents/bin/cmake/mac/bin/cmake -E cmake_link_script CMakeFiles/cmTC_5ab99.dir/link.txt --verbose=1
/opt/homebrew/Cellar/llvm/16.0.6/bin/clang++  -arch arm64 -isysroot /Library/Developer/CommandLineTools/SDKs/MacOSX13.3.sdk -Wl,-search_paths_first -Wl,-headerpad_max_install_names CMakeFiles/cmTC_5ab99.dir/src.cxx.o -o cmTC_5ab99 


Source file was:
int main() { return 0; }

Performing C++ SOURCE FILE Test COMPILER_HAS_HIDDEN_INLINE_VISIBILITY succeeded with the following output:
Change Dir: /Users/keyneshdongol/Desktop/Polynomial_Operator/cmake-build-debug/CMakeFiles/CMakeScratch/TryCompile-DJrLXE

Run Build Command(s):/usr/bin/make -f Makefile cmTC_fa4be/fast && /Library/Developer/CommandLineTools/usr/bin/make  -f CMakeFiles/cmTC_fa4be.dir/build.make CMakeFiles/cmTC_fa4be.dir/build
Building CXX object CMakeFiles/cmTC_fa4be.dir/src.cxx.o
/opt/homebrew/Cellar/llvm/16.0.6/bin/clang++ -DCOMPILER_HAS_HIDDEN_INLINE_VISIBILITY  -arch arm64 -isysroot /Library/Developer/CommandLineTools/SDKs/MacOSX13.3.sdk -fcolor-diagnostics   -fvisibility-inlines-hidden -MD -MT CMakeFiles/cmTC_fa4be.dir/src.cxx.o -MF CMakeFiles/cmTC_fa4be.dir/src.cxx.o.d -o CMakeFiles/cmTC_fa4be.dir/src.cxx.o -c /Users/keyneshdongol/Desktop/Polynomial_Operator/cmake-build-debug/CMakeFiles/CMakeScratch/TryCompile-DJrLXE/src.cxx
Linking CXX executable cmTC_fa4be
/Applications/CLion.app/Contents/bin/cmake/mac/bin/cmake -E cmake_link_script CMakeFiles/cmTC_fa4be.dir/link.txt --verbose=1
/opt/homebrew/Cellar/llvm/16.0.6/bin/clang++  -arch arm64 -isysroot /Library/Developer/CommandLineTools/SDKs/MacOSX13.3.sdk -Wl,-search_paths_first -Wl,-headerpad_max_install_names CMakeFiles/cmTC_fa4be.dir/src.cxx.o -o cmTC_fa4be 


Source file was:
int main() { return 0; }

Performing C++ SOURCE FILE Test COMPILER_HAS_DEPRECATED_ATTR succeeded with the following output:
Change Dir: /Users/keyneshdongol/Desktop/Polynomial_Operator/cmake-build-debug/CMakeFiles/CMakeScratch/TryCompile-pkjXd0

Run Build Command(s):/usr/bin/make -f Makefile cmTC_bd2cb/fast && /Library/Developer/CommandLineTools/usr/bin/make  -f CMakeFiles/cmTC_bd2cb.dir/build.make CMakeFiles/cmTC_bd2cb.dir/build
Building CXX object CMakeFiles/cmTC_bd2cb.dir/src.cxx.o
/opt/homebrew/Cellar/llvm/16.0.6/bin/clang++ -DCOMPILER_HAS_DEPRECATED_ATTR  -arch arm64 -isysroot /Library/Developer/CommandLineTools/SDKs/MacOSX13.3.sdk -fcolor-diagnostics -MD -MT CMakeFiles/cmTC_bd2cb.dir/src.cxx.o -MF CMakeFiles/cmTC_bd2cb.dir/src.cxx.o.d -o CMakeFiles/cmTC_bd2cb.dir/src.cxx.o -c /Users/keyneshdongol/Desktop/Polynomial_Operator/cmake-build-debug/CMakeFiles/CMakeScratch/TryCompile-pkjXd0/src.cxx
[1m/Users/keyneshdongol/Desktop/Polynomial_Operator/cmake-build-debug/CMakeFiles/CMakeScratch/TryCompile-pkjXd0/src.cxx:2:25: [0m[0;1;35mwarning: [0m[1m'somefunc' is deprecated [-Wdeprecated-declarations][0m
    int main() { return somefunc();}
[0;1;32m                        ^
[0m[1m/Users/keyneshdongol/Desktop/Polynomial_Operator/cmake-build-debug/CMakeFiles/CMakeScratch/TryCompile-pkjXd0/src.cxx:1:16: [0m[0;1;30mnote: [0m'somefunc' has been explicitly marked deprecated here[0m
__attribute__((__deprecated__)) int somefunc() { return 0; }
[0;1;32m               ^
[0m1 warning generated.
Linking CXX executable cmTC_bd2cb
/Applications/CLion.app/Contents/bin/cmake/mac/bin/cmake -E cmake_link_script CMakeFiles/cmTC_bd2cb.dir/link.txt --verbose=1
/opt/homebrew/Cellar/llvm/16.0.6/bin/clang++  -arch arm64 -isysroot /Library/Developer/CommandLineTools/SDKs/MacOSX13.3.sdk -Wl,-search_paths_first -Wl,-headerpad_max_install_names CMakeFiles/cmTC_bd2cb.dir/src.cxx.o -o cmTC_bd2cb 


Source file was:
__attribute__((__deprecated__)) int somefunc() { return 0; }
    int main() { return somefunc();}

