Determining if the function sgemm_ exists failed with the following output:
Change Dir: /Users/keyneshdongol/Desktop/Polynomial_Operator/cmake-build-release/CMakeFiles/CMakeScratch/TryCompile-VXLfJ0

Run Build Command(s):/usr/bin/make -f Makefile cmTC_2b9ce/fast && /Library/Developer/CommandLineTools/usr/bin/make  -f CMakeFiles/cmTC_2b9ce.dir/build.make CMakeFiles/cmTC_2b9ce.dir/build
Building C object CMakeFiles/cmTC_2b9ce.dir/CheckFunctionExists.c.o
/Library/Developer/CommandLineTools/usr/bin/cc   -DCHECK_FUNCTION_EXISTS=sgemm_ -arch arm64 -isysroot /Library/Developer/CommandLineTools/SDKs/MacOSX13.3.sdk -fcolor-diagnostics -MD -MT CMakeFiles/cmTC_2b9ce.dir/CheckFunctionExists.c.o -MF CMakeFiles/cmTC_2b9ce.dir/CheckFunctionExists.c.o.d -o CMakeFiles/cmTC_2b9ce.dir/CheckFunctionExists.c.o -c /Users/keyneshdongol/Desktop/Polynomial_Operator/cmake-build-release/CMakeFiles/CMakeScratch/TryCompile-VXLfJ0/CheckFunctionExists.c
Linking C executable cmTC_2b9ce
/Applications/CLion.app/Contents/bin/cmake/mac/bin/cmake -E cmake_link_script CMakeFiles/cmTC_2b9ce.dir/link.txt --verbose=1
/Library/Developer/CommandLineTools/usr/bin/cc  -DCHECK_FUNCTION_EXISTS=sgemm_ -arch arm64 -isysroot /Library/Developer/CommandLineTools/SDKs/MacOSX13.3.sdk -Wl,-search_paths_first -Wl,-headerpad_max_install_names --verbose  CMakeFiles/cmTC_2b9ce.dir/CheckFunctionExists.c.o -o cmTC_2b9ce 
Apple clang version 14.0.3 (clang-1403.0.22.14.1)
Target: arm64-apple-darwin22.5.0
Thread model: posix
InstalledDir: /Library/Developer/CommandLineTools/usr/bin
 "/Library/Developer/CommandLineTools/usr/bin/ld" -demangle -lto_library /Library/Developer/CommandLineTools/usr/lib/libLTO.dylib -dynamic -arch arm64 -platform_version macos 13.0.0 13.3 -syslibroot /Library/Developer/CommandLineTools/SDKs/MacOSX13.3.sdk -o cmTC_2b9ce -search_paths_first -headerpad_max_install_names CMakeFiles/cmTC_2b9ce.dir/CheckFunctionExists.c.o -lSystem /Library/Developer/CommandLineTools/usr/lib/clang/14.0.3/lib/darwin/libclang_rt.osx.a
Undefined symbols for architecture arm64:
  "_sgemm_", referenced from:
      _main in CheckFunctionExists.c.o
ld: symbol(s) not found for architecture arm64
clang: error: linker command failed with exit code 1 (use -v to see invocation)
make[1]: *** [cmTC_2b9ce] Error 1
make: *** [cmTC_2b9ce/fast] Error 2



Determining if the __fbufsize exist failed with the following output:
Change Dir: /Users/keyneshdongol/Desktop/Polynomial_Operator/cmake-build-release/CMakeFiles/CMakeScratch/TryCompile-zf0Lwz

Run Build Command(s):/usr/bin/make -f Makefile cmTC_3d6fc/fast && /Library/Developer/CommandLineTools/usr/bin/make  -f CMakeFiles/cmTC_3d6fc.dir/build.make CMakeFiles/cmTC_3d6fc.dir/build
Building C object CMakeFiles/cmTC_3d6fc.dir/CheckSymbolExists.c.o
/Library/Developer/CommandLineTools/usr/bin/cc   -arch arm64 -isysroot /Library/Developer/CommandLineTools/SDKs/MacOSX13.3.sdk -fcolor-diagnostics -MD -MT CMakeFiles/cmTC_3d6fc.dir/CheckSymbolExists.c.o -MF CMakeFiles/cmTC_3d6fc.dir/CheckSymbolExists.c.o.d -o CMakeFiles/cmTC_3d6fc.dir/CheckSymbolExists.c.o -c /Users/keyneshdongol/Desktop/Polynomial_Operator/cmake-build-release/CMakeFiles/CMakeScratch/TryCompile-zf0Lwz/CheckSymbolExists.c
[1m/Users/keyneshdongol/Desktop/Polynomial_Operator/cmake-build-release/CMakeFiles/CMakeScratch/TryCompile-zf0Lwz/CheckSymbolExists.c:2:10: [0m[0;1;31mfatal error: [0m[1m'stdio_ext.h' file not found[0m
#include <stdio_ext.h>
[0;1;32m         ^~~~~~~~~~~~~
[0m1 error generated.
make[1]: *** [CMakeFiles/cmTC_3d6fc.dir/CheckSymbolExists.c.o] Error 1
make: *** [cmTC_3d6fc/fast] Error 2


File CheckSymbolExists.c:
/* */
#include <stdio_ext.h>

int main(int argc, char** argv)
{
  (void)argv;
#ifndef __fbufsize
  return ((int*)(&__fbufsize))[argc];
#else
  (void)argc;
  return 0;
#endif
}

