The system is: Darwin - 22.5.0 - arm64
Compiling the C compiler identification source file "CMakeCCompilerId.c" succeeded.
Compiler: /Library/Developer/CommandLineTools/usr/bin/cc 
Build flags: 
Id flags: -c 

The output was:
0


Compilation of the C compiler identification source "CMakeCCompilerId.c" produced "CMakeCCompilerId.o"

The C compiler identification is AppleClang, found in "/Users/keyneshdongol/Desktop/Polynomial_Operator/cmake-build-release/CMakeFiles/3.25.2/CompilerIdC/CMakeCCompilerId.o"

Compiling the CXX compiler identification source file "CMakeCXXCompilerId.cpp" succeeded.
Compiler: /opt/homebrew/Cellar/llvm/16.0.6/bin/clang++ 
Build flags: -O3;-flto;-fopenmp
Id flags:  

The output was:
0


Compilation of the CXX compiler identification source "CMakeCXXCompilerId.cpp" produced "a.out"

The CXX compiler identification is Clang, found in "/Users/keyneshdongol/Desktop/Polynomial_Operator/cmake-build-release/CMakeFiles/3.25.2/CompilerIdCXX/a.out"

Detecting C compiler ABI info compiled with the following output:
Change Dir: /Users/keyneshdongol/Desktop/Polynomial_Operator/cmake-build-release/CMakeFiles/CMakeScratch/TryCompile-RLdZ7U

Run Build Command(s):/usr/bin/make -f Makefile cmTC_732ea/fast && /Library/Developer/CommandLineTools/usr/bin/make  -f CMakeFiles/cmTC_732ea.dir/build.make CMakeFiles/cmTC_732ea.dir/build
Building C object CMakeFiles/cmTC_732ea.dir/CMakeCCompilerABI.c.o
/Library/Developer/CommandLineTools/usr/bin/cc   -arch arm64 -isysroot /Library/Developer/CommandLineTools/SDKs/MacOSX13.3.sdk -fcolor-diagnostics   -v -Wl,-v -MD -MT CMakeFiles/cmTC_732ea.dir/CMakeCCompilerABI.c.o -MF CMakeFiles/cmTC_732ea.dir/CMakeCCompilerABI.c.o.d -o CMakeFiles/cmTC_732ea.dir/CMakeCCompilerABI.c.o -c /Applications/CLion.app/Contents/bin/cmake/mac/share/cmake-3.25/Modules/CMakeCCompilerABI.c
Apple clang version 14.0.3 (clang-1403.0.22.14.1)
Target: arm64-apple-darwin22.5.0
Thread model: posix
InstalledDir: /Library/Developer/CommandLineTools/usr/bin
clang: [0;1;35mwarning: [0m[1m-Wl,-v: 'linker' input unused [-Wunused-command-line-argument][0m
 "/Library/Developer/CommandLineTools/usr/bin/clang" -cc1 -triple arm64-apple-macosx13.0.0 -Wundef-prefix=TARGET_OS_ -Wdeprecated-objc-isa-usage -Werror=deprecated-objc-isa-usage -Werror=implicit-function-declaration -emit-obj -mrelax-all --mrelax-relocations -disable-free -clear-ast-before-backend -disable-llvm-verifier -discard-value-names -main-file-name CMakeCCompilerABI.c -mrelocation-model pic -pic-level 2 -mframe-pointer=non-leaf -fno-strict-return -ffp-contract=on -fno-rounding-math -funwind-tables=1 -fobjc-msgsend-selector-stubs -target-sdk-version=13.3 -fvisibility-inlines-hidden-static-local-var -target-cpu apple-m1 -target-feature +v8.5a -target-feature +crc -target-feature +lse -target-feature +rdm -target-feature +crypto -target-feature +dotprod -target-feature +fp-armv8 -target-feature +neon -target-feature +fp16fml -target-feature +ras -target-feature +rcpc -target-feature +zcm -target-feature +zcz -target-feature +fullfp16 -target-feature +sm4 -target-feature +sha3 -target-feature +sha2 -target-feature +aes -target-abi darwinpcs -fallow-half-arguments-and-returns -mllvm -treat-scalable-fixed-error-as-warning -debugger-tuning=lldb -target-linker-version 857.1 -v -fcoverage-compilation-dir=/Users/keyneshdongol/Desktop/Polynomial_Operator/cmake-build-release/CMakeFiles/CMakeScratch/TryCompile-RLdZ7U -resource-dir /Library/Developer/CommandLineTools/usr/lib/clang/14.0.3 -dependency-file CMakeFiles/cmTC_732ea.dir/CMakeCCompilerABI.c.o.d -skip-unused-modulemap-deps -MT CMakeFiles/cmTC_732ea.dir/CMakeCCompilerABI.c.o -sys-header-deps -isysroot /Library/Developer/CommandLineTools/SDKs/MacOSX13.3.sdk -internal-isystem /Library/Developer/CommandLineTools/SDKs/MacOSX13.3.sdk/usr/local/include -internal-isystem /Library/Developer/CommandLineTools/usr/lib/clang/14.0.3/include -internal-externc-isystem /Library/Developer/CommandLineTools/SDKs/MacOSX13.3.sdk/usr/include -internal-externc-isystem /Library/Developer/CommandLineTools/usr/include -Wno-reorder-init-list -Wno-implicit-int-float-conversion -Wno-c99-designator -Wno-final-dtor-non-final-class -Wno-extra-semi-stmt -Wno-misleading-indentation -Wno-quoted-include-in-framework-header -Wno-implicit-fallthrough -Wno-enum-enum-conversion -Wno-enum-float-conversion -Wno-elaborated-enum-base -Wno-reserved-identifier -Wno-gnu-folding-constant -fdebug-compilation-dir=/Users/keyneshdongol/Desktop/Polynomial_Operator/cmake-build-release/CMakeFiles/CMakeScratch/TryCompile-RLdZ7U -ferror-limit 19 -stack-protector 1 -fstack-check -mdarwin-stkchk-strong-link -fblocks -fencode-extended-block-signature -fregister-global-dtors-with-atexit -fgnuc-version=4.2.1 -no-opaque-pointers -fmax-type-align=16 -fcommon -fcolor-diagnostics -clang-vendor-feature=+disableNonDependentMemberExprInCurrentInstantiation -fno-odr-hash-protocols -clang-vendor-feature=+enableAggressiveVLAFolding -clang-vendor-feature=+revert09abecef7bbf -clang-vendor-feature=+thisNoAlignAttr -clang-vendor-feature=+thisNoNullAttr -mllvm -disable-aligned-alloc-awareness=1 -D__GCC_HAVE_DWARF2_CFI_ASM=1 -o CMakeFiles/cmTC_732ea.dir/CMakeCCompilerABI.c.o -x c /Applications/CLion.app/Contents/bin/cmake/mac/share/cmake-3.25/Modules/CMakeCCompilerABI.c
clang -cc1 version 14.0.3 (clang-1403.0.22.14.1) default target arm64-apple-darwin22.5.0
ignoring nonexistent directory "/Library/Developer/CommandLineTools/SDKs/MacOSX13.3.sdk/usr/local/include"
ignoring nonexistent directory "/Library/Developer/CommandLineTools/SDKs/MacOSX13.3.sdk/Library/Frameworks"
#include "..." search starts here:
#include <...> search starts here:
 /Library/Developer/CommandLineTools/usr/lib/clang/14.0.3/include
 /Library/Developer/CommandLineTools/SDKs/MacOSX13.3.sdk/usr/include
 /Library/Developer/CommandLineTools/usr/include
 /Library/Developer/CommandLineTools/SDKs/MacOSX13.3.sdk/System/Library/Frameworks (framework directory)
End of search list.
Linking C executable cmTC_732ea
/Applications/CLion.app/Contents/bin/cmake/mac/bin/cmake -E cmake_link_script CMakeFiles/cmTC_732ea.dir/link.txt --verbose=1
/Library/Developer/CommandLineTools/usr/bin/cc  -arch arm64 -isysroot /Library/Developer/CommandLineTools/SDKs/MacOSX13.3.sdk -Wl,-search_paths_first -Wl,-headerpad_max_install_names --verbose -v -Wl,-v CMakeFiles/cmTC_732ea.dir/CMakeCCompilerABI.c.o -o cmTC_732ea 
Apple clang version 14.0.3 (clang-1403.0.22.14.1)
Target: arm64-apple-darwin22.5.0
Thread model: posix
InstalledDir: /Library/Developer/CommandLineTools/usr/bin
 "/Library/Developer/CommandLineTools/usr/bin/ld" -demangle -lto_library /Library/Developer/CommandLineTools/usr/lib/libLTO.dylib -dynamic -arch arm64 -platform_version macos 13.0.0 13.3 -syslibroot /Library/Developer/CommandLineTools/SDKs/MacOSX13.3.sdk -o cmTC_732ea -search_paths_first -headerpad_max_install_names -v CMakeFiles/cmTC_732ea.dir/CMakeCCompilerABI.c.o -lSystem /Library/Developer/CommandLineTools/usr/lib/clang/14.0.3/lib/darwin/libclang_rt.osx.a
@(#)PROGRAM:ld  PROJECT:ld64-857.1
BUILD 23:13:29 May  7 2023
configured to support archs: armv6 armv7 armv7s arm64 arm64e arm64_32 i386 x86_64 x86_64h armv6m armv7k armv7m armv7em
Library search paths:
	/Library/Developer/CommandLineTools/SDKs/MacOSX13.3.sdk/usr/lib
Framework search paths:
	/Library/Developer/CommandLineTools/SDKs/MacOSX13.3.sdk/System/Library/Frameworks/



Parsed C implicit include dir info from above output: rv=loading
  found start of include info
  warn: unable to parse implicit include dirs!


Parsed C implicit link information from above output:
  link line regex: [^( *|.*[/\])(ld|CMAKE_LINK_STARTFILE-NOTFOUND|([^/\]+-)?ld|collect2)[^/\]*( |$)]
  ignore line: [Change Dir: /Users/keyneshdongol/Desktop/Polynomial_Operator/cmake-build-release/CMakeFiles/CMakeScratch/TryCompile-RLdZ7U]
  ignore line: []
  ignore line: [Run Build Command(s):/usr/bin/make -f Makefile cmTC_732ea/fast && /Library/Developer/CommandLineTools/usr/bin/make  -f CMakeFiles/cmTC_732ea.dir/build.make CMakeFiles/cmTC_732ea.dir/build]
  ignore line: [Building C object CMakeFiles/cmTC_732ea.dir/CMakeCCompilerABI.c.o]
  ignore line: [/Library/Developer/CommandLineTools/usr/bin/cc   -arch arm64 -isysroot /Library/Developer/CommandLineTools/SDKs/MacOSX13.3.sdk -fcolor-diagnostics   -v -Wl -v -MD -MT CMakeFiles/cmTC_732ea.dir/CMakeCCompilerABI.c.o -MF CMakeFiles/cmTC_732ea.dir/CMakeCCompilerABI.c.o.d -o CMakeFiles/cmTC_732ea.dir/CMakeCCompilerABI.c.o -c /Applications/CLion.app/Contents/bin/cmake/mac/share/cmake-3.25/Modules/CMakeCCompilerABI.c]
  ignore line: [Apple clang version 14.0.3 (clang-1403.0.22.14.1)]
  ignore line: [Target: arm64-apple-darwin22.5.0]
  ignore line: [Thread model: posix]
  ignore line: [InstalledDir: /Library/Developer/CommandLineTools/usr/bin]
  ignore line: [clang: [0;1;35mwarning: [0m[1m-Wl,-v: 'linker' input unused [-Wunused-command-line-argument][0m; "/Library/Developer/CommandLineTools/usr/bin/clang" -cc1 -triple arm64-apple-macosx13.0.0 -Wundef-prefix=TARGET_OS_ -Wdeprecated-objc-isa-usage -Werror=deprecated-objc-isa-usage -Werror=implicit-function-declaration -emit-obj -mrelax-all --mrelax-relocations -disable-free -clear-ast-before-backend -disable-llvm-verifier -discard-value-names -main-file-name CMakeCCompilerABI.c -mrelocation-model pic -pic-level 2 -mframe-pointer=non-leaf -fno-strict-return -ffp-contract=on -fno-rounding-math -funwind-tables=1 -fobjc-msgsend-selector-stubs -target-sdk-version=13.3 -fvisibility-inlines-hidden-static-local-var -target-cpu apple-m1 -target-feature +v8.5a -target-feature +crc -target-feature +lse -target-feature +rdm -target-feature +crypto -target-feature +dotprod -target-feature +fp-armv8 -target-feature +neon -target-feature +fp16fml -target-feature +ras -target-feature +rcpc -target-feature +zcm -target-feature +zcz -target-feature +fullfp16 -target-feature +sm4 -target-feature +sha3 -target-feature +sha2 -target-feature +aes -target-abi darwinpcs -fallow-half-arguments-and-returns -mllvm -treat-scalable-fixed-error-as-warning -debugger-tuning=lldb -target-linker-version 857.1 -v -fcoverage-compilation-dir=/Users/keyneshdongol/Desktop/Polynomial_Operator/cmake-build-release/CMakeFiles/CMakeScratch/TryCompile-RLdZ7U -resource-dir /Library/Developer/CommandLineTools/usr/lib/clang/14.0.3 -dependency-file CMakeFiles/cmTC_732ea.dir/CMakeCCompilerABI.c.o.d -skip-unused-modulemap-deps -MT CMakeFiles/cmTC_732ea.dir/CMakeCCompilerABI.c.o -sys-header-deps -isysroot /Library/Developer/CommandLineTools/SDKs/MacOSX13.3.sdk -internal-isystem /Library/Developer/CommandLineTools/SDKs/MacOSX13.3.sdk/usr/local/include -internal-isystem /Library/Developer/CommandLineTools/usr/lib/clang/14.0.3/include -internal-externc-isystem /Library/Developer/CommandLineTools/SDKs/MacOSX13.3.sdk/usr/include -internal-externc-isystem /Library/Developer/CommandLineTools/usr/include -Wno-reorder-init-list -Wno-implicit-int-float-conversion -Wno-c99-designator -Wno-final-dtor-non-final-class -Wno-extra-semi-stmt -Wno-misleading-indentation -Wno-quoted-include-in-framework-header -Wno-implicit-fallthrough -Wno-enum-enum-conversion -Wno-enum-float-conversion -Wno-elaborated-enum-base -Wno-reserved-identifier -Wno-gnu-folding-constant -fdebug-compilation-dir=/Users/keyneshdongol/Desktop/Polynomial_Operator/cmake-build-release/CMakeFiles/CMakeScratch/TryCompile-RLdZ7U -ferror-limit 19 -stack-protector 1 -fstack-check -mdarwin-stkchk-strong-link -fblocks -fencode-extended-block-signature -fregister-global-dtors-with-atexit -fgnuc-version=4.2.1 -no-opaque-pointers -fmax-type-align=16 -fcommon -fcolor-diagnostics -clang-vendor-feature=+disableNonDependentMemberExprInCurrentInstantiation -fno-odr-hash-protocols -clang-vendor-feature=+enableAggressiveVLAFolding -clang-vendor-feature=+revert09abecef7bbf -clang-vendor-feature=+thisNoAlignAttr -clang-vendor-feature=+thisNoNullAttr -mllvm -disable-aligned-alloc-awareness=1 -D__GCC_HAVE_DWARF2_CFI_ASM=1 -o CMakeFiles/cmTC_732ea.dir/CMakeCCompilerABI.c.o -x c /Applications/CLion.app/Contents/bin/cmake/mac/share/cmake-3.25/Modules/CMakeCCompilerABI.c;clang -cc1 version 14.0.3 (clang-1403.0.22.14.1) default target arm64-apple-darwin22.5.0;ignoring nonexistent directory "/Library/Developer/CommandLineTools/SDKs/MacOSX13.3.sdk/usr/local/include";ignoring nonexistent directory "/Library/Developer/CommandLineTools/SDKs/MacOSX13.3.sdk/Library/Frameworks";#include "..." search starts here:;#include <...> search starts here:; /Library/Developer/CommandLineTools/usr/lib/clang/14.0.3/include; /Library/Developer/CommandLineTools/SDKs/MacOSX13.3.sdk/usr/include; /Library/Developer/CommandLineTools/usr/include; /Library/Developer/CommandLineTools/SDKs/MacOSX13.3.sdk/System/Library/Frameworks (framework directory);End of search list.;Linking C executable cmTC_732ea;/Applications/CLion.app/Contents/bin/cmake/mac/bin/cmake -E cmake_link_script CMakeFiles/cmTC_732ea.dir/link.txt --verbose=1;/Library/Developer/CommandLineTools/usr/bin/cc  -arch arm64 -isysroot /Library/Developer/CommandLineTools/SDKs/MacOSX13.3.sdk -Wl,-search_paths_first -Wl,-headerpad_max_install_names --verbose -v -Wl,-v CMakeFiles/cmTC_732ea.dir/CMakeCCompilerABI.c.o -o cmTC_732ea ;Apple clang version 14.0.3 (clang-1403.0.22.14.1);Target: arm64-apple-darwin22.5.0;Thread model: posix;InstalledDir: /Library/Developer/CommandLineTools/usr/bin; "/Library/Developer/CommandLineTools/usr/bin/ld" -demangle -lto_library /Library/Developer/CommandLineTools/usr/lib/libLTO.dylib -dynamic -arch arm64 -platform_version macos 13.0.0 13.3 -syslibroot /Library/Developer/CommandLineTools/SDKs/MacOSX13.3.sdk -o cmTC_732ea -search_paths_first -headerpad_max_install_names -v CMakeFiles/cmTC_732ea.dir/CMakeCCompilerABI.c.o -lSystem /Library/Developer/CommandLineTools/usr/lib/clang/14.0.3/lib/darwin/libclang_rt.osx.a;@(#)PROGRAM:ld  PROJECT:ld64-857.1;BUILD 23:13:29 May  7 2023;configured to support archs: armv6 armv7 armv7s arm64 arm64e arm64_32 i386 x86_64 x86_64h armv6m armv7k armv7m armv7em;Library search paths:;	/Library/Developer/CommandLineTools/SDKs/MacOSX13.3.sdk/usr/lib;Framework search paths:;	/Library/Developer/CommandLineTools/SDKs/MacOSX13.3.sdk/System/Library/Frameworks/;;]
  Library search paths: [;/Library/Developer/CommandLineTools/SDKs/MacOSX13.3.sdk/usr/lib]
  Framework search paths: [;/Library/Developer/CommandLineTools/SDKs/MacOSX13.3.sdk/System/Library/Frameworks/]
  collapse library dir [/Library/Developer/CommandLineTools/SDKs/MacOSX13.3.sdk/usr/lib] ==> [/Library/Developer/CommandLineTools/SDKs/MacOSX13.3.sdk/usr/lib]
  collapse framework dir [/Library/Developer/CommandLineTools/SDKs/MacOSX13.3.sdk/System/Library/Frameworks/] ==> [/Library/Developer/CommandLineTools/SDKs/MacOSX13.3.sdk/System/Library/Frameworks]
  implicit libs: []
  implicit objs: []
  implicit dirs: [/Library/Developer/CommandLineTools/SDKs/MacOSX13.3.sdk/usr/lib]
  implicit fwks: [/Library/Developer/CommandLineTools/SDKs/MacOSX13.3.sdk/System/Library/Frameworks]


Detecting CXX compiler ABI info compiled with the following output:
Change Dir: /Users/keyneshdongol/Desktop/Polynomial_Operator/cmake-build-release/CMakeFiles/CMakeScratch/TryCompile-AX37e6

Run Build Command(s):/usr/bin/make -f Makefile cmTC_edb5d/fast && /Library/Developer/CommandLineTools/usr/bin/make  -f CMakeFiles/cmTC_edb5d.dir/build.make CMakeFiles/cmTC_edb5d.dir/build
Building CXX object CMakeFiles/cmTC_edb5d.dir/CMakeCXXCompilerABI.cpp.o
/opt/homebrew/Cellar/llvm/16.0.6/bin/clang++   -O3 -flto -fopenmp  -arch arm64 -isysroot /Library/Developer/CommandLineTools/SDKs/MacOSX13.3.sdk -fcolor-diagnostics   -v -Wl,-v -MD -MT CMakeFiles/cmTC_edb5d.dir/CMakeCXXCompilerABI.cpp.o -MF CMakeFiles/cmTC_edb5d.dir/CMakeCXXCompilerABI.cpp.o.d -o CMakeFiles/cmTC_edb5d.dir/CMakeCXXCompilerABI.cpp.o -c /Applications/CLion.app/Contents/bin/cmake/mac/share/cmake-3.25/Modules/CMakeCXXCompilerABI.cpp
Homebrew clang version 16.0.6
Target: arm64-apple-darwin22.5.0
Thread model: posix
InstalledDir: /opt/homebrew/Cellar/llvm/16.0.6/bin
clang-16: [0;1;35mwarning: [0m[1m-Wl,-v: 'linker' input unused [-Wunused-command-line-argument][0m
 (in-process)
 "/opt/homebrew/Cellar/llvm/16.0.6/bin/clang-16" -cc1 -triple arm64-apple-macosx13.0.0 -Wundef-prefix=TARGET_OS_ -Werror=undef-prefix -Wdeprecated-objc-isa-usage -Werror=deprecated-objc-isa-usage -emit-llvm-bc -flto=full -flto-unit -disable-free -clear-ast-before-backend -disable-llvm-verifier -discard-value-names -main-file-name CMakeCXXCompilerABI.cpp -mrelocation-model pic -pic-level 2 -mframe-pointer=non-leaf -ffp-contract=on -fno-rounding-math -funwind-tables=1 -target-sdk-version=13.3 -fcompatibility-qualified-id-block-type-checking -fvisibility-inlines-hidden-static-local-var -target-cpu apple-m1 -target-feature +v8.5a -target-feature +crc -target-feature +crypto -target-feature +dotprod -target-feature +fp-armv8 -target-feature +fp16fml -target-feature +lse -target-feature +ras -target-feature +rcpc -target-feature +rdm -target-feature +neon -target-feature +zcm -target-feature +zcz -target-feature +fullfp16 -target-feature +sm4 -target-feature +sha3 -target-feature +sha2 -target-feature +aes -target-abi darwinpcs -mllvm -treat-scalable-fixed-error-as-warning -debugger-tuning=lldb -target-linker-version 857.1 -v -fcoverage-compilation-dir=/Users/keyneshdongol/Desktop/Polynomial_Operator/cmake-build-release/CMakeFiles/CMakeScratch/TryCompile-AX37e6 -resource-dir /opt/homebrew/Cellar/llvm/16.0.6/lib/clang/16 -dependency-file CMakeFiles/cmTC_edb5d.dir/CMakeCXXCompilerABI.cpp.o.d -MT CMakeFiles/cmTC_edb5d.dir/CMakeCXXCompilerABI.cpp.o -sys-header-deps -isysroot /Library/Developer/CommandLineTools/SDKs/MacOSX13.3.sdk -internal-isystem /opt/homebrew/Cellar/llvm/16.0.6/bin/../include/c++/v1 -internal-isystem /Library/Developer/CommandLineTools/SDKs/MacOSX13.3.sdk/usr/local/include -internal-isystem /opt/homebrew/Cellar/llvm/16.0.6/lib/clang/16/include -internal-externc-isystem /Library/Developer/CommandLineTools/SDKs/MacOSX13.3.sdk/usr/include -O3 -fdeprecated-macro -fdebug-compilation-dir=/Users/keyneshdongol/Desktop/Polynomial_Operator/cmake-build-release/CMakeFiles/CMakeScratch/TryCompile-AX37e6 -ferror-limit 19 -fopenmp -stack-protector 1 -fblocks -fencode-extended-block-signature -fregister-global-dtors-with-atexit -fgnuc-version=4.2.1 -fcxx-exceptions -fexceptions -fmax-type-align=16 -fcolor-diagnostics -vectorize-loops -vectorize-slp -D__GCC_HAVE_DWARF2_CFI_ASM=1 -o CMakeFiles/cmTC_edb5d.dir/CMakeCXXCompilerABI.cpp.o -x c++ /Applications/CLion.app/Contents/bin/cmake/mac/share/cmake-3.25/Modules/CMakeCXXCompilerABI.cpp
clang -cc1 version 16.0.6 based upon LLVM 16.0.6 default target arm64-apple-darwin22.5.0
ignoring nonexistent directory "/Library/Developer/CommandLineTools/SDKs/MacOSX13.3.sdk/usr/local/include"
ignoring nonexistent directory "/Library/Developer/CommandLineTools/SDKs/MacOSX13.3.sdk/Library/Frameworks"
#include "..." search starts here:
#include <...> search starts here:
 /opt/homebrew/Cellar/llvm/16.0.6/bin/../include/c++/v1
 /opt/homebrew/Cellar/llvm/16.0.6/lib/clang/16/include
 /Library/Developer/CommandLineTools/SDKs/MacOSX13.3.sdk/usr/include
 /Library/Developer/CommandLineTools/SDKs/MacOSX13.3.sdk/System/Library/Frameworks (framework directory)
End of search list.
Linking CXX executable cmTC_edb5d
/Applications/CLion.app/Contents/bin/cmake/mac/bin/cmake -E cmake_link_script CMakeFiles/cmTC_edb5d.dir/link.txt --verbose=1
/opt/homebrew/Cellar/llvm/16.0.6/bin/clang++ -O3 -flto -fopenmp  -arch arm64 -isysroot /Library/Developer/CommandLineTools/SDKs/MacOSX13.3.sdk -Wl,-search_paths_first -Wl,-headerpad_max_install_names --verbose -v -Wl,-v CMakeFiles/cmTC_edb5d.dir/CMakeCXXCompilerABI.cpp.o -o cmTC_edb5d 
Homebrew clang version 16.0.6
Target: arm64-apple-darwin22.5.0
Thread model: posix
InstalledDir: /opt/homebrew/Cellar/llvm/16.0.6/bin
 "/usr/bin/ld" -demangle -lto_library /opt/homebrew/Cellar/llvm/16.0.6/lib/libLTO.dylib -dynamic -arch arm64 -platform_version macos 13.0.0 13.3 -syslibroot /Library/Developer/CommandLineTools/SDKs/MacOSX13.sdk -o cmTC_edb5d -search_paths_first -headerpad_max_install_names -v CMakeFiles/cmTC_edb5d.dir/CMakeCXXCompilerABI.cpp.o -lomp -rpath /opt/homebrew/Cellar/llvm/16.0.6/lib -L/opt/homebrew/Cellar/llvm/16.0.6/lib -lc++ -lSystem /opt/homebrew/Cellar/llvm/16.0.6/lib/clang/16/lib/darwin/libclang_rt.osx.a
@(#)PROGRAM:ld  PROJECT:ld64-857.1
BUILD 23:13:29 May  7 2023
configured to support archs: armv6 armv7 armv7s arm64 arm64e arm64_32 i386 x86_64 x86_64h armv6m armv7k armv7m armv7em
Library search paths:
	/opt/homebrew/Cellar/llvm/16.0.6/lib
	/Library/Developer/CommandLineTools/SDKs/MacOSX13.sdk/usr/lib
Framework search paths:
	/Library/Developer/CommandLineTools/SDKs/MacOSX13.sdk/System/Library/Frameworks/
LLVM version 16.0.6



Parsed CXX implicit include dir info from above output: rv=loading
  found start of include info
  warn: unable to parse implicit include dirs!


Parsed CXX implicit link information from above output:
  link line regex: [^( *|.*[/\])(ld|CMAKE_LINK_STARTFILE-NOTFOUND|([^/\]+-)?ld|collect2)[^/\]*( |$)]
  ignore line: [Change Dir: /Users/keyneshdongol/Desktop/Polynomial_Operator/cmake-build-release/CMakeFiles/CMakeScratch/TryCompile-AX37e6]
  ignore line: []
  ignore line: [Run Build Command(s):/usr/bin/make -f Makefile cmTC_edb5d/fast && /Library/Developer/CommandLineTools/usr/bin/make  -f CMakeFiles/cmTC_edb5d.dir/build.make CMakeFiles/cmTC_edb5d.dir/build]
  ignore line: [Building CXX object CMakeFiles/cmTC_edb5d.dir/CMakeCXXCompilerABI.cpp.o]
  ignore line: [/opt/homebrew/Cellar/llvm/16.0.6/bin/clang++   -O3 -flto -fopenmp  -arch arm64 -isysroot /Library/Developer/CommandLineTools/SDKs/MacOSX13.3.sdk -fcolor-diagnostics   -v -Wl -v -MD -MT CMakeFiles/cmTC_edb5d.dir/CMakeCXXCompilerABI.cpp.o -MF CMakeFiles/cmTC_edb5d.dir/CMakeCXXCompilerABI.cpp.o.d -o CMakeFiles/cmTC_edb5d.dir/CMakeCXXCompilerABI.cpp.o -c /Applications/CLion.app/Contents/bin/cmake/mac/share/cmake-3.25/Modules/CMakeCXXCompilerABI.cpp]
  ignore line: [Homebrew clang version 16.0.6]
  ignore line: [Target: arm64-apple-darwin22.5.0]
  ignore line: [Thread model: posix]
  ignore line: [InstalledDir: /opt/homebrew/Cellar/llvm/16.0.6/bin]
  ignore line: [clang-16: [0;1;35mwarning: [0m[1m-Wl,-v: 'linker' input unused [-Wunused-command-line-argument][0m; (in-process); "/opt/homebrew/Cellar/llvm/16.0.6/bin/clang-16" -cc1 -triple arm64-apple-macosx13.0.0 -Wundef-prefix=TARGET_OS_ -Werror=undef-prefix -Wdeprecated-objc-isa-usage -Werror=deprecated-objc-isa-usage -emit-llvm-bc -flto=full -flto-unit -disable-free -clear-ast-before-backend -disable-llvm-verifier -discard-value-names -main-file-name CMakeCXXCompilerABI.cpp -mrelocation-model pic -pic-level 2 -mframe-pointer=non-leaf -ffp-contract=on -fno-rounding-math -funwind-tables=1 -target-sdk-version=13.3 -fcompatibility-qualified-id-block-type-checking -fvisibility-inlines-hidden-static-local-var -target-cpu apple-m1 -target-feature +v8.5a -target-feature +crc -target-feature +crypto -target-feature +dotprod -target-feature +fp-armv8 -target-feature +fp16fml -target-feature +lse -target-feature +ras -target-feature +rcpc -target-feature +rdm -target-feature +neon -target-feature +zcm -target-feature +zcz -target-feature +fullfp16 -target-feature +sm4 -target-feature +sha3 -target-feature +sha2 -target-feature +aes -target-abi darwinpcs -mllvm -treat-scalable-fixed-error-as-warning -debugger-tuning=lldb -target-linker-version 857.1 -v -fcoverage-compilation-dir=/Users/keyneshdongol/Desktop/Polynomial_Operator/cmake-build-release/CMakeFiles/CMakeScratch/TryCompile-AX37e6 -resource-dir /opt/homebrew/Cellar/llvm/16.0.6/lib/clang/16 -dependency-file CMakeFiles/cmTC_edb5d.dir/CMakeCXXCompilerABI.cpp.o.d -MT CMakeFiles/cmTC_edb5d.dir/CMakeCXXCompilerABI.cpp.o -sys-header-deps -isysroot /Library/Developer/CommandLineTools/SDKs/MacOSX13.3.sdk -internal-isystem /opt/homebrew/Cellar/llvm/16.0.6/bin/../include/c++/v1 -internal-isystem /Library/Developer/CommandLineTools/SDKs/MacOSX13.3.sdk/usr/local/include -internal-isystem /opt/homebrew/Cellar/llvm/16.0.6/lib/clang/16/include -internal-externc-isystem /Library/Developer/CommandLineTools/SDKs/MacOSX13.3.sdk/usr/include -O3 -fdeprecated-macro -fdebug-compilation-dir=/Users/keyneshdongol/Desktop/Polynomial_Operator/cmake-build-release/CMakeFiles/CMakeScratch/TryCompile-AX37e6 -ferror-limit 19 -fopenmp -stack-protector 1 -fblocks -fencode-extended-block-signature -fregister-global-dtors-with-atexit -fgnuc-version=4.2.1 -fcxx-exceptions -fexceptions -fmax-type-align=16 -fcolor-diagnostics -vectorize-loops -vectorize-slp -D__GCC_HAVE_DWARF2_CFI_ASM=1 -o CMakeFiles/cmTC_edb5d.dir/CMakeCXXCompilerABI.cpp.o -x c++ /Applications/CLion.app/Contents/bin/cmake/mac/share/cmake-3.25/Modules/CMakeCXXCompilerABI.cpp;clang -cc1 version 16.0.6 based upon LLVM 16.0.6 default target arm64-apple-darwin22.5.0;ignoring nonexistent directory "/Library/Developer/CommandLineTools/SDKs/MacOSX13.3.sdk/usr/local/include";ignoring nonexistent directory "/Library/Developer/CommandLineTools/SDKs/MacOSX13.3.sdk/Library/Frameworks";#include "..." search starts here:;#include <...> search starts here:; /opt/homebrew/Cellar/llvm/16.0.6/bin/../include/c++/v1; /opt/homebrew/Cellar/llvm/16.0.6/lib/clang/16/include; /Library/Developer/CommandLineTools/SDKs/MacOSX13.3.sdk/usr/include; /Library/Developer/CommandLineTools/SDKs/MacOSX13.3.sdk/System/Library/Frameworks (framework directory);End of search list.;Linking CXX executable cmTC_edb5d;/Applications/CLion.app/Contents/bin/cmake/mac/bin/cmake -E cmake_link_script CMakeFiles/cmTC_edb5d.dir/link.txt --verbose=1;/opt/homebrew/Cellar/llvm/16.0.6/bin/clang++ -O3 -flto -fopenmp  -arch arm64 -isysroot /Library/Developer/CommandLineTools/SDKs/MacOSX13.3.sdk -Wl,-search_paths_first -Wl,-headerpad_max_install_names --verbose -v -Wl,-v CMakeFiles/cmTC_edb5d.dir/CMakeCXXCompilerABI.cpp.o -o cmTC_edb5d ;Homebrew clang version 16.0.6;Target: arm64-apple-darwin22.5.0;Thread model: posix;InstalledDir: /opt/homebrew/Cellar/llvm/16.0.6/bin; "/usr/bin/ld" -demangle -lto_library /opt/homebrew/Cellar/llvm/16.0.6/lib/libLTO.dylib -dynamic -arch arm64 -platform_version macos 13.0.0 13.3 -syslibroot /Library/Developer/CommandLineTools/SDKs/MacOSX13.sdk -o cmTC_edb5d -search_paths_first -headerpad_max_install_names -v CMakeFiles/cmTC_edb5d.dir/CMakeCXXCompilerABI.cpp.o -lomp -rpath /opt/homebrew/Cellar/llvm/16.0.6/lib -L/opt/homebrew/Cellar/llvm/16.0.6/lib -lc++ -lSystem /opt/homebrew/Cellar/llvm/16.0.6/lib/clang/16/lib/darwin/libclang_rt.osx.a;@(#)PROGRAM:ld  PROJECT:ld64-857.1;BUILD 23:13:29 May  7 2023;configured to support archs: armv6 armv7 armv7s arm64 arm64e arm64_32 i386 x86_64 x86_64h armv6m armv7k armv7m armv7em;Library search paths:;	/opt/homebrew/Cellar/llvm/16.0.6/lib;	/Library/Developer/CommandLineTools/SDKs/MacOSX13.sdk/usr/lib;Framework search paths:;	/Library/Developer/CommandLineTools/SDKs/MacOSX13.sdk/System/Library/Frameworks/;LLVM version 16.0.6;;]
  Library search paths: [;/opt/homebrew/Cellar/llvm/16.0.6/lib;/Library/Developer/CommandLineTools/SDKs/MacOSX13.sdk/usr/lib]
  Framework search paths: [;/Library/Developer/CommandLineTools/SDKs/MacOSX13.sdk/System/Library/Frameworks/]
  collapse library dir [/opt/homebrew/Cellar/llvm/16.0.6/lib] ==> [/opt/homebrew/Cellar/llvm/16.0.6/lib]
  collapse library dir [/Library/Developer/CommandLineTools/SDKs/MacOSX13.sdk/usr/lib] ==> [/Library/Developer/CommandLineTools/SDKs/MacOSX13.sdk/usr/lib]
  collapse framework dir [/Library/Developer/CommandLineTools/SDKs/MacOSX13.sdk/System/Library/Frameworks/] ==> [/Library/Developer/CommandLineTools/SDKs/MacOSX13.sdk/System/Library/Frameworks]
  implicit libs: []
  implicit objs: []
  implicit dirs: [/opt/homebrew/Cellar/llvm/16.0.6/lib;/Library/Developer/CommandLineTools/SDKs/MacOSX13.sdk/usr/lib]
  implicit fwks: [/Library/Developer/CommandLineTools/SDKs/MacOSX13.sdk/System/Library/Frameworks]


Detecting CXX OpenMP compiler ABI info compiled with the following output:
Change Dir: /Users/keyneshdongol/Desktop/Polynomial_Operator/cmake-build-release/CMakeFiles/CMakeScratch/TryCompile-26SHrA

Run Build Command(s):/usr/bin/make -f Makefile cmTC_9466d/fast && /Library/Developer/CommandLineTools/usr/bin/make  -f CMakeFiles/cmTC_9466d.dir/build.make CMakeFiles/cmTC_9466d.dir/build
Building CXX object CMakeFiles/cmTC_9466d.dir/OpenMPTryFlag.cpp.o
/opt/homebrew/Cellar/llvm/16.0.6/bin/clang++   -O3 -flto -fopenmp -fopenmp=libomp -v -arch arm64 -isysroot /Library/Developer/CommandLineTools/SDKs/MacOSX13.3.sdk -MD -MT CMakeFiles/cmTC_9466d.dir/OpenMPTryFlag.cpp.o -MF CMakeFiles/cmTC_9466d.dir/OpenMPTryFlag.cpp.o.d -o CMakeFiles/cmTC_9466d.dir/OpenMPTryFlag.cpp.o -c /Users/keyneshdongol/Desktop/Polynomial_Operator/cmake-build-release/CMakeFiles/CMakeScratch/TryCompile-26SHrA/OpenMPTryFlag.cpp
Homebrew clang version 16.0.6
Target: arm64-apple-darwin22.5.0
Thread model: posix
InstalledDir: /opt/homebrew/Cellar/llvm/16.0.6/bin
 (in-process)
 "/opt/homebrew/Cellar/llvm/16.0.6/bin/clang-16" -cc1 -triple arm64-apple-macosx13.0.0 -Wundef-prefix=TARGET_OS_ -Werror=undef-prefix -Wdeprecated-objc-isa-usage -Werror=deprecated-objc-isa-usage -emit-llvm-bc -flto=full -flto-unit -disable-free -clear-ast-before-backend -disable-llvm-verifier -discard-value-names -main-file-name OpenMPTryFlag.cpp -mrelocation-model pic -pic-level 2 -mframe-pointer=non-leaf -ffp-contract=on -fno-rounding-math -funwind-tables=1 -target-sdk-version=13.3 -fcompatibility-qualified-id-block-type-checking -fvisibility-inlines-hidden-static-local-var -target-cpu apple-m1 -target-feature +v8.5a -target-feature +crc -target-feature +crypto -target-feature +dotprod -target-feature +fp-armv8 -target-feature +fp16fml -target-feature +lse -target-feature +ras -target-feature +rcpc -target-feature +rdm -target-feature +neon -target-feature +zcm -target-feature +zcz -target-feature +fullfp16 -target-feature +sm4 -target-feature +sha3 -target-feature +sha2 -target-feature +aes -target-abi darwinpcs -mllvm -treat-scalable-fixed-error-as-warning -debugger-tuning=lldb -target-linker-version 857.1 -v -fcoverage-compilation-dir=/Users/keyneshdongol/Desktop/Polynomial_Operator/cmake-build-release/CMakeFiles/CMakeScratch/TryCompile-26SHrA -resource-dir /opt/homebrew/Cellar/llvm/16.0.6/lib/clang/16 -dependency-file CMakeFiles/cmTC_9466d.dir/OpenMPTryFlag.cpp.o.d -MT CMakeFiles/cmTC_9466d.dir/OpenMPTryFlag.cpp.o -sys-header-deps -isysroot /Library/Developer/CommandLineTools/SDKs/MacOSX13.3.sdk -internal-isystem /opt/homebrew/Cellar/llvm/16.0.6/bin/../include/c++/v1 -internal-isystem /Library/Developer/CommandLineTools/SDKs/MacOSX13.3.sdk/usr/local/include -internal-isystem /opt/homebrew/Cellar/llvm/16.0.6/lib/clang/16/include -internal-externc-isystem /Library/Developer/CommandLineTools/SDKs/MacOSX13.3.sdk/usr/include -O3 -fdeprecated-macro -fdebug-compilation-dir=/Users/keyneshdongol/Desktop/Polynomial_Operator/cmake-build-release/CMakeFiles/CMakeScratch/TryCompile-26SHrA -ferror-limit 19 -fopenmp -stack-protector 1 -fblocks -fencode-extended-block-signature -fregister-global-dtors-with-atexit -fgnuc-version=4.2.1 -fcxx-exceptions -fexceptions -fmax-type-align=16 -vectorize-loops -vectorize-slp -D__GCC_HAVE_DWARF2_CFI_ASM=1 -o CMakeFiles/cmTC_9466d.dir/OpenMPTryFlag.cpp.o -x c++ /Users/keyneshdongol/Desktop/Polynomial_Operator/cmake-build-release/CMakeFiles/CMakeScratch/TryCompile-26SHrA/OpenMPTryFlag.cpp
clang -cc1 version 16.0.6 based upon LLVM 16.0.6 default target arm64-apple-darwin22.5.0
ignoring nonexistent directory "/Library/Developer/CommandLineTools/SDKs/MacOSX13.3.sdk/usr/local/include"
ignoring nonexistent directory "/Library/Developer/CommandLineTools/SDKs/MacOSX13.3.sdk/Library/Frameworks"
#include "..." search starts here:
#include <...> search starts here:
 /opt/homebrew/Cellar/llvm/16.0.6/bin/../include/c++/v1
 /opt/homebrew/Cellar/llvm/16.0.6/lib/clang/16/include
 /Library/Developer/CommandLineTools/SDKs/MacOSX13.3.sdk/usr/include
 /Library/Developer/CommandLineTools/SDKs/MacOSX13.3.sdk/System/Library/Frameworks (framework directory)
End of search list.
Linking CXX executable cmTC_9466d
/Applications/CLion.app/Contents/bin/cmake/mac/bin/cmake -E cmake_link_script CMakeFiles/cmTC_9466d.dir/link.txt --verbose=1
/opt/homebrew/Cellar/llvm/16.0.6/bin/clang++ -O3 -flto -fopenmp -fopenmp=libomp -v -arch arm64 -isysroot /Library/Developer/CommandLineTools/SDKs/MacOSX13.3.sdk -Wl,-search_paths_first -Wl,-headerpad_max_install_names --verbose  CMakeFiles/cmTC_9466d.dir/OpenMPTryFlag.cpp.o -o cmTC_9466d  -v -Wl,-v 
Homebrew clang version 16.0.6
Target: arm64-apple-darwin22.5.0
Thread model: posix
InstalledDir: /opt/homebrew/Cellar/llvm/16.0.6/bin
 "/usr/bin/ld" -demangle -lto_library /opt/homebrew/Cellar/llvm/16.0.6/lib/libLTO.dylib -dynamic -arch arm64 -platform_version macos 13.0.0 13.3 -syslibroot /Library/Developer/CommandLineTools/SDKs/MacOSX13.sdk -o cmTC_9466d -search_paths_first -headerpad_max_install_names CMakeFiles/cmTC_9466d.dir/OpenMPTryFlag.cpp.o -v -lomp -rpath /opt/homebrew/Cellar/llvm/16.0.6/lib -L/opt/homebrew/Cellar/llvm/16.0.6/lib -lc++ -lSystem /opt/homebrew/Cellar/llvm/16.0.6/lib/clang/16/lib/darwin/libclang_rt.osx.a
@(#)PROGRAM:ld  PROJECT:ld64-857.1
BUILD 23:13:29 May  7 2023
configured to support archs: armv6 armv7 armv7s arm64 arm64e arm64_32 i386 x86_64 x86_64h armv6m armv7k armv7m armv7em
Library search paths:
	/opt/homebrew/Cellar/llvm/16.0.6/lib
	/Library/Developer/CommandLineTools/SDKs/MacOSX13.sdk/usr/lib
Framework search paths:
	/Library/Developer/CommandLineTools/SDKs/MacOSX13.sdk/System/Library/Frameworks/
LLVM version 16.0.6



Parsed CXX OpenMP implicit link information from above output:
  link line regex: [^( *|.*[/\])(ld|CMAKE_LINK_STARTFILE-NOTFOUND|([^/\]+-)?ld|collect2)[^/\]*( |$)]
  ignore line: [Change Dir: /Users/keyneshdongol/Desktop/Polynomial_Operator/cmake-build-release/CMakeFiles/CMakeScratch/TryCompile-26SHrA]
  ignore line: []
  ignore line: [Run Build Command(s):/usr/bin/make -f Makefile cmTC_9466d/fast && /Library/Developer/CommandLineTools/usr/bin/make  -f CMakeFiles/cmTC_9466d.dir/build.make CMakeFiles/cmTC_9466d.dir/build]
  ignore line: [Building CXX object CMakeFiles/cmTC_9466d.dir/OpenMPTryFlag.cpp.o]
  ignore line: [/opt/homebrew/Cellar/llvm/16.0.6/bin/clang++   -O3 -flto -fopenmp -fopenmp=libomp -v -arch arm64 -isysroot /Library/Developer/CommandLineTools/SDKs/MacOSX13.3.sdk -MD -MT CMakeFiles/cmTC_9466d.dir/OpenMPTryFlag.cpp.o -MF CMakeFiles/cmTC_9466d.dir/OpenMPTryFlag.cpp.o.d -o CMakeFiles/cmTC_9466d.dir/OpenMPTryFlag.cpp.o -c /Users/keyneshdongol/Desktop/Polynomial_Operator/cmake-build-release/CMakeFiles/CMakeScratch/TryCompile-26SHrA/OpenMPTryFlag.cpp]
  ignore line: [Homebrew clang version 16.0.6]
  ignore line: [Target: arm64-apple-darwin22.5.0]
  ignore line: [Thread model: posix]
  ignore line: [InstalledDir: /opt/homebrew/Cellar/llvm/16.0.6/bin]
  ignore line: [ (in-process)]
  ignore line: [ "/opt/homebrew/Cellar/llvm/16.0.6/bin/clang-16" -cc1 -triple arm64-apple-macosx13.0.0 -Wundef-prefix=TARGET_OS_ -Werror=undef-prefix -Wdeprecated-objc-isa-usage -Werror=deprecated-objc-isa-usage -emit-llvm-bc -flto=full -flto-unit -disable-free -clear-ast-before-backend -disable-llvm-verifier -discard-value-names -main-file-name OpenMPTryFlag.cpp -mrelocation-model pic -pic-level 2 -mframe-pointer=non-leaf -ffp-contract=on -fno-rounding-math -funwind-tables=1 -target-sdk-version=13.3 -fcompatibility-qualified-id-block-type-checking -fvisibility-inlines-hidden-static-local-var -target-cpu apple-m1 -target-feature +v8.5a -target-feature +crc -target-feature +crypto -target-feature +dotprod -target-feature +fp-armv8 -target-feature +fp16fml -target-feature +lse -target-feature +ras -target-feature +rcpc -target-feature +rdm -target-feature +neon -target-feature +zcm -target-feature +zcz -target-feature +fullfp16 -target-feature +sm4 -target-feature +sha3 -target-feature +sha2 -target-feature +aes -target-abi darwinpcs -mllvm -treat-scalable-fixed-error-as-warning -debugger-tuning=lldb -target-linker-version 857.1 -v -fcoverage-compilation-dir=/Users/keyneshdongol/Desktop/Polynomial_Operator/cmake-build-release/CMakeFiles/CMakeScratch/TryCompile-26SHrA -resource-dir /opt/homebrew/Cellar/llvm/16.0.6/lib/clang/16 -dependency-file CMakeFiles/cmTC_9466d.dir/OpenMPTryFlag.cpp.o.d -MT CMakeFiles/cmTC_9466d.dir/OpenMPTryFlag.cpp.o -sys-header-deps -isysroot /Library/Developer/CommandLineTools/SDKs/MacOSX13.3.sdk -internal-isystem /opt/homebrew/Cellar/llvm/16.0.6/bin/../include/c++/v1 -internal-isystem /Library/Developer/CommandLineTools/SDKs/MacOSX13.3.sdk/usr/local/include -internal-isystem /opt/homebrew/Cellar/llvm/16.0.6/lib/clang/16/include -internal-externc-isystem /Library/Developer/CommandLineTools/SDKs/MacOSX13.3.sdk/usr/include -O3 -fdeprecated-macro -fdebug-compilation-dir=/Users/keyneshdongol/Desktop/Polynomial_Operator/cmake-build-release/CMakeFiles/CMakeScratch/TryCompile-26SHrA -ferror-limit 19 -fopenmp -stack-protector 1 -fblocks -fencode-extended-block-signature -fregister-global-dtors-with-atexit -fgnuc-version=4.2.1 -fcxx-exceptions -fexceptions -fmax-type-align=16 -vectorize-loops -vectorize-slp -D__GCC_HAVE_DWARF2_CFI_ASM=1 -o CMakeFiles/cmTC_9466d.dir/OpenMPTryFlag.cpp.o -x c++ /Users/keyneshdongol/Desktop/Polynomial_Operator/cmake-build-release/CMakeFiles/CMakeScratch/TryCompile-26SHrA/OpenMPTryFlag.cpp]
  ignore line: [clang -cc1 version 16.0.6 based upon LLVM 16.0.6 default target arm64-apple-darwin22.5.0]
  ignore line: [ignoring nonexistent directory "/Library/Developer/CommandLineTools/SDKs/MacOSX13.3.sdk/usr/local/include"]
  ignore line: [ignoring nonexistent directory "/Library/Developer/CommandLineTools/SDKs/MacOSX13.3.sdk/Library/Frameworks"]
  ignore line: [#include "..." search starts here:]
  ignore line: [#include <...> search starts here:]
  ignore line: [ /opt/homebrew/Cellar/llvm/16.0.6/bin/../include/c++/v1]
  ignore line: [ /opt/homebrew/Cellar/llvm/16.0.6/lib/clang/16/include]
  ignore line: [ /Library/Developer/CommandLineTools/SDKs/MacOSX13.3.sdk/usr/include]
  ignore line: [ /Library/Developer/CommandLineTools/SDKs/MacOSX13.3.sdk/System/Library/Frameworks (framework directory)]
  ignore line: [End of search list.]
  ignore line: [Linking CXX executable cmTC_9466d]
  ignore line: [/Applications/CLion.app/Contents/bin/cmake/mac/bin/cmake -E cmake_link_script CMakeFiles/cmTC_9466d.dir/link.txt --verbose=1]
  ignore line: [/opt/homebrew/Cellar/llvm/16.0.6/bin/clang++ -O3 -flto -fopenmp -fopenmp=libomp -v -arch arm64 -isysroot /Library/Developer/CommandLineTools/SDKs/MacOSX13.3.sdk -Wl -search_paths_first -Wl -headerpad_max_install_names --verbose  CMakeFiles/cmTC_9466d.dir/OpenMPTryFlag.cpp.o -o cmTC_9466d  -v -Wl -v ]
  ignore line: [Homebrew clang version 16.0.6]
  ignore line: [Target: arm64-apple-darwin22.5.0]
  ignore line: [Thread model: posix]
  ignore line: [InstalledDir: /opt/homebrew/Cellar/llvm/16.0.6/bin]
  link line: [ "/usr/bin/ld" -demangle -lto_library /opt/homebrew/Cellar/llvm/16.0.6/lib/libLTO.dylib -dynamic -arch arm64 -platform_version macos 13.0.0 13.3 -syslibroot /Library/Developer/CommandLineTools/SDKs/MacOSX13.sdk -o cmTC_9466d -search_paths_first -headerpad_max_install_names CMakeFiles/cmTC_9466d.dir/OpenMPTryFlag.cpp.o -v -lomp -rpath /opt/homebrew/Cellar/llvm/16.0.6/lib -L/opt/homebrew/Cellar/llvm/16.0.6/lib -lc++ -lSystem /opt/homebrew/Cellar/llvm/16.0.6/lib/clang/16/lib/darwin/libclang_rt.osx.a]
    arg [/usr/bin/ld] ==> ignore
    arg [-demangle] ==> ignore
    arg [-lto_library] ==> ignore, skip following value
    arg [/opt/homebrew/Cellar/llvm/16.0.6/lib/libLTO.dylib] ==> skip value of -lto_library
    arg [-dynamic] ==> ignore
    arg [-arch] ==> ignore
    arg [arm64] ==> ignore
    arg [-platform_version] ==> ignore
    arg [macos] ==> ignore
    arg [13.0.0] ==> ignore
    arg [13.3] ==> ignore
    arg [-syslibroot] ==> ignore
    arg [/Library/Developer/CommandLineTools/SDKs/MacOSX13.sdk] ==> ignore
    arg [-o] ==> ignore
    arg [cmTC_9466d] ==> ignore
    arg [-search_paths_first] ==> ignore
    arg [-headerpad_max_install_names] ==> ignore
    arg [CMakeFiles/cmTC_9466d.dir/OpenMPTryFlag.cpp.o] ==> ignore
    arg [-v] ==> ignore
    arg [-lomp] ==> lib [omp]
    arg [-rpath] ==> ignore
    arg [/opt/homebrew/Cellar/llvm/16.0.6/lib] ==> ignore
    arg [-L/opt/homebrew/Cellar/llvm/16.0.6/lib] ==> dir [/opt/homebrew/Cellar/llvm/16.0.6/lib]
    arg [-lc++] ==> lib [c++]
    arg [-lSystem] ==> lib [System]
    arg [/opt/homebrew/Cellar/llvm/16.0.6/lib/clang/16/lib/darwin/libclang_rt.osx.a] ==> lib [/opt/homebrew/Cellar/llvm/16.0.6/lib/clang/16/lib/darwin/libclang_rt.osx.a]
  Library search paths: [;/opt/homebrew/Cellar/llvm/16.0.6/lib;/Library/Developer/CommandLineTools/SDKs/MacOSX13.sdk/usr/lib]
  Framework search paths: [;/Library/Developer/CommandLineTools/SDKs/MacOSX13.sdk/System/Library/Frameworks/]
  remove lib [System]
  remove lib [/opt/homebrew/Cellar/llvm/16.0.6/lib/clang/16/lib/darwin/libclang_rt.osx.a]
  collapse library dir [/opt/homebrew/Cellar/llvm/16.0.6/lib] ==> [/opt/homebrew/Cellar/llvm/16.0.6/lib]
  collapse library dir [/opt/homebrew/Cellar/llvm/16.0.6/lib] ==> [/opt/homebrew/Cellar/llvm/16.0.6/lib]
  collapse library dir [/Library/Developer/CommandLineTools/SDKs/MacOSX13.sdk/usr/lib] ==> [/Library/Developer/CommandLineTools/SDKs/MacOSX13.sdk/usr/lib]
  collapse framework dir [/Library/Developer/CommandLineTools/SDKs/MacOSX13.sdk/System/Library/Frameworks/] ==> [/Library/Developer/CommandLineTools/SDKs/MacOSX13.sdk/System/Library/Frameworks]
  implicit libs: [omp;c++]
  implicit objs: []
  implicit dirs: [/opt/homebrew/Cellar/llvm/16.0.6/lib;/Library/Developer/CommandLineTools/SDKs/MacOSX13.sdk/usr/lib]
  implicit fwks: [/Library/Developer/CommandLineTools/SDKs/MacOSX13.sdk/System/Library/Frameworks]


